#
# A fatal error has been detected by the Java Runtime Environment:
#
#  SIGSEGV (0xb) at pc=0x00007f6ba300c468, pid=13806, tid=140100056884992
#
# JRE version: OpenJDK Runtime Environment (7.0_55-b14) (build 1.7.0_55-b14)
# Java VM: OpenJDK 64-Bit Server VM (24.51-b03 mixed mode linux-amd64 compressed oops)
# Problematic frame:
# V  [libjvm.so+0x622468]  JNIHandles::checked_resolve_jmethod_id(_jmethodID*)+0x18
#
# Failed to write core dump. Core dumps have been disabled. To enable core dumping, try "ulimit -c unlimited" before starting Java again
#
# If you would like to submit a bug report, please include
# instructions on how to reproduce the bug and visit:
#   http://icedtea.classpath.org/bugzilla
#

---------------  T H R E A D  ---------------

Current thread (0x00007f6b9c0ab800):  JavaThread "JDWP Transport Listener: dt_socket" daemon [_thread_in_vm, id=13821, stack(0x00007f6b960fa000,0x00007f6b961fb000)]

siginfo:si_signo=SIGSEGV: si_errno=0, si_code=1 (SEGV_MAPERR), si_addr=0x0000000000000050

Registers:
RAX=0xfefefefefefefefe, RBX=0x00007f6b9c005940, RCX=0x00007f6ba3bde320, RDX=0x0000000000000001
RSP=0x00007f6b961f99b0, RBP=0x00007f6b961f99c0, RSI=0x00007f6b9c0ab800, RDI=0x0000000000000050
R8 =0x0000000000000000, R9 =0x00007f6b7c003f80, R10=0x00007f6b961f99b0, R11=0x00007f6ba3f605e0
R12=0x00007f6b961f9a97, R13=0x0000000000000050, R14=0x00007f6b9c0ab800, R15=0x00007f6b961f99e0
RIP=0x00007f6ba300c468, EFLAGS=0x0000000000010202, CSGSFS=0x0000000000000033, ERR=0x0000000000000004
  TRAPNO=0x000000000000000e

Top of Stack: (sp=0x00007f6b961f99b0)
0x00007f6b961f99b0:   00007f6b961f9a97 00007f6b9c005940
0x00007f6b961f99c0:   00007f6b961f9a30 00007f6ba3001a13
0x00007f6b961f99d0:   00007f6ba37921ec 00007f6ba304c216
0x00007f6b961f99e0:   00007f6b9c0ab800 0000000000000000
0x00007f6b961f99f0:   00007f6b00000000 0000000000000000
0x00007f6b961f9a00:   00007f6b961f9b80 00007f6b961f9a97
0x00007f6b961f9a10:   00007f6ba1b82ee0 0000000000000050
0x00007f6b961f9a20:   00007f6b961f9a97 00007f6b961f9a9c
0x00007f6b961f9a30:   00007f6b961f9a60 00007f6ba196ea09
0x00007f6b961f9a40:   00007f6b961f9a60 0000000000000008
0x00007f6b961f9a50:   00007f6b961f9b80 0000000000000050
0x00007f6b961f9a60:   00007f6b961f9af0 00007f6ba194f548
0x00007f6b961f9a70:   00007f6b961f9ab0 00007f6b961f9ab0
0x00007f6b961f9a80:   00007f6b961f9ab8 00000001a1954419
0x00007f6b961f9a90:   00007f6b961f9b50 0000000a00000009
0x00007f6b961f9aa0:   00007f6b7c006c50 0000000000000000
0x00007f6b961f9ab0:   0000000000000000 0000000000000000
0x00007f6b961f9ac0:   00007f6b961f9b50 00000000000f0200
0x00007f6b961f9ad0:   00007f6b961f9b50 0000000000000002
0x00007f6b961f9ae0:   00007f6b961f9b80 00007f6ba1b82ee0
0x00007f6b961f9af0:   00007f6b961f9d40 00007f6ba19595d8
0x00007f6b961f9b00:   00000da600000013 00007f6ba30f0200
0x00007f6b961f9b10:   00007f6b74002850 00007f6ba1b82ee0
0x00007f6b961f9b20:   00007f6b961f9b50 00007f6b74000b0f
0x00007f6b961f9b30:   00000da600000013 00007f6ba30f0200
0x00007f6b961f9b40:   00007f6b74002850 00007f6b9c0a2e58
0x00007f6b961f9b50:   00007f6b74002858 000000000000000b
0x00007f6b961f9b60:   00000da600000013 00007f6ba30f0200
0x00007f6b961f9b70:   00007f6b74002850 00007f6b7c017130
0x00007f6b961f9b80:   00007f6b7c007766 00000000000000d2
0x00007f6b961f9b90:   00007f6b7c0082b0 00007f6b0000012c
0x00007f6b961f9ba0:   00007f6b961f9bd0 00007f6b7c0082b0 

Instructions: (pc=0x00007f6ba300c468)
0x00007f6ba300c448:   0f 1f 84 00 00 00 00 00 48 85 ff 74 7b 55 48 b8
0x00007f6ba300c458:   fe fe fe fe fe fe fe fe 48 89 e5 53 48 83 ec 08
0x00007f6ba300c468:   48 8b 1f 48 39 c3 74 38 48 85 db 74 33 48 8d 05
0x00007f6ba300c478:   c7 ba 77 00 80 38 00 75 37 48 8b 53 08 48 8b 42 

Register to memory mapping:

RAX=0xfefefefefefefefe is an unknown value
RBX=0x00007f6b9c005940 is an unknown value
RCX=0x00007f6ba3bde320: <offset 0x219320> in /lib/x86_64-linux-gnu/libpthread.so.0 at 0x00007f6ba39c5000
RDX=0x0000000000000001 is an unknown value
RSP=0x00007f6b961f99b0 is pointing into the stack for thread: 0x00007f6b9c0ab800
RBP=0x00007f6b961f99c0 is pointing into the stack for thread: 0x00007f6b9c0ab800
RSI=0x00007f6b9c0ab800 is a thread
RDI=0x0000000000000050 is an unknown value
R8 =0x0000000000000000 is an unknown value
R9 =0x00007f6b7c003f80 is an unknown value
R10=0x00007f6b961f99b0 is pointing into the stack for thread: 0x00007f6b9c0ab800
R11=0x00007f6ba3f605e0: <offset 0x1795e0> in /lib/x86_64-linux-gnu/libc.so.6 at 0x00007f6ba3de7000
R12=0x00007f6b961f9a97 is pointing into the stack for thread: 0x00007f6b9c0ab800
R13=0x0000000000000050 is an unknown value
R14=0x00007f6b9c0ab800 is a thread
R15=0x00007f6b961f99e0 is pointing into the stack for thread: 0x00007f6b9c0ab800


Stack: [0x00007f6b960fa000,0x00007f6b961fb000],  sp=0x00007f6b961f99b0,  free space=1022k
Native frames: (J=compiled Java code, j=interpreted, Vv=VM code, C=native code)
V  [libjvm.so+0x622468]  JNIHandles::checked_resolve_jmethod_id(_jmethodID*)+0x18
V  [libjvm.so+0x617a13]  jvmti_IsMethodSynthetic+0x1f3
C  [libjdwp.so+0x26a09]  Agent_OnLoad+0x16f49
C  [libjdwp.so+0x7548]  getenv+0x7548
C  [libjdwp.so+0x115d8]  Agent_OnLoad+0x1b18
C  [libjdwp.so+0x236e5]  Agent_OnLoad+0x13c25
V  [libjvm.so+0x680eeb]  JvmtiAgentThread::start_function_wrapper(JavaThread*, Thread*)+0x9b
V  [libjvm.so+0x8cf7c0]  JavaThread::thread_main_inner()+0xf0
V  [libjvm.so+0x8cfa31]  JavaThread::run()+0x221
V  [libjvm.so+0x7974e2]  java_start(Thread*)+0xf2


---------------  P R O C E S S  ---------------

Java Threads: ( => current thread )
  0x00007f6b9c0b6800 JavaThread "Service Thread" daemon [_thread_blocked, id=13830, stack(0x00007f6b95bf5000,0x00007f6b95cf6000)]
  0x00007f6b9c0b4800 JavaThread "C2 CompilerThread1" daemon [_thread_blocked, id=13829, stack(0x00007f6b95cf6000,0x00007f6b95df7000)]
  0x00007f6b9c0b1800 JavaThread "C2 CompilerThread0" daemon [_thread_blocked, id=13828, stack(0x00007f6b95df7000,0x00007f6b95ef8000)]
  0x00007f6b7c001000 JavaThread "JDWP Command Reader" daemon [_thread_in_native, id=13825, stack(0x00007f6b95ef8000,0x00007f6b95ff9000)]
  0x00007f6b9c0af000 JavaThread "JDWP Event Helper Thread" daemon [_thread_blocked, id=13824, stack(0x00007f6b95ff9000,0x00007f6b960fa000)]
=>0x00007f6b9c0ab800 JavaThread "JDWP Transport Listener: dt_socket" daemon [_thread_in_vm, id=13821, stack(0x00007f6b960fa000,0x00007f6b961fb000)]
  0x00007f6b9c09e000 JavaThread "Signal Dispatcher" daemon [_thread_blocked, id=13819, stack(0x00007f6b96400000,0x00007f6b96501000)]
  0x00007f6b9c07b800 JavaThread "Finalizer" daemon [_thread_blocked, id=13817, stack(0x00007f6b96501000,0x00007f6b96602000)]
  0x00007f6b9c079800 JavaThread "Reference Handler" daemon [_thread_blocked, id=13816, stack(0x00007f6b96602000,0x00007f6b96703000)]
  0x00007f6b9c00e800 JavaThread "main" [_thread_blocked, id=13808, stack(0x00007f6ba44c0000,0x00007f6ba45c1000)]

Other Threads:
  0x00007f6b9c075800 VMThread [stack: 0x00007f6b96703000,0x00007f6b96804000] [id=13815]
  0x00007f6b9c0c1000 WatcherThread [stack: 0x00007f6b95af4000,0x00007f6b95bf5000] [id=13831]

VM state:not at safepoint (normal execution)

VM Mutex/Monitor currently owned by a thread: None

Heap
 PSYoungGen      total 11776K, used 2436K [0x00000000f2200000, 0x00000000f2f00000, 0x0000000100000000)
  eden space 10240K, 8% used [0x00000000f2200000,0x00000000f22e5110,0x00000000f2c00000)
  from space 1536K, 98% used [0x00000000f2c00000,0x00000000f2d7c010,0x00000000f2d80000)
  to   space 1536K, 0% used [0x00000000f2d80000,0x00000000f2d80000,0x00000000f2f00000)
 ParOldGen       total 25600K, used 523K [0x00000000d6600000, 0x00000000d7f00000, 0x00000000f2200000)
  object space 25600K, 2% used [0x00000000d6600000,0x00000000d6682c68,0x00000000d7f00000)
 PSPermGen       total 21504K, used 5394K [0x00000000cc000000, 0x00000000cd500000, 0x00000000d6600000)
  object space 21504K, 25% used [0x00000000cc000000,0x00000000cc544ab8,0x00000000cd500000)

Card table byte_map: [0x00007f6ba034b000,0x00007f6ba04ec000] byte_map_base: 0x00007f6b9fceb000

Polling page: 0x00007f6ba45da000

Code Cache  [0x00007f6b99000000, 0x00007f6b99270000, 0x00007f6b9c000000)
 total_blobs=258 nmethods=53 adapters=166 free_code_cache=48643Kb largest_free_block=49781888

Compilation events (10 events):
Event: 3,018 Thread 0x00007f6b9c0b4800   49             java.lang.Integer::intValue (5 bytes)
Event: 3,018 Thread 0x00007f6b9c0b4800 nmethod 49 0x00007f6b9907ad90 code [0x00007f6b9907aec0, 0x00007f6b9907af18]
Event: 3,045 Thread 0x00007f6b9c0b4800   50             java.lang.Integer::valueOf (54 bytes)
Event: 3,046 Thread 0x00007f6b9c0b4800 nmethod 50 0x00007f6b9907aa50 code [0x00007f6b9907aba0, 0x00007f6b9907aca8]
Event: 3,046 Thread 0x00007f6b9c0b1800   51             org.jsoup.nodes.Node::nextSibling (62 bytes)
Event: 3,049 Thread 0x00007f6b9c0b1800 nmethod 51 0x00007f6b9907ed10 code [0x00007f6b9907eea0, 0x00007f6b9907f228]
Event: 3,049 Thread 0x00007f6b9c0b1800   52             org.jsoup.nodes.Node::siblingIndex (5 bytes)
Event: 3,049 Thread 0x00007f6b9c0b1800 nmethod 52 0x00007f6b9907f710 code [0x00007f6b9907f840, 0x00007f6b9907f898]
Event: 3,049 Thread 0x00007f6b9c0b1800   53             org.jsoup.select.NodeTraversor::traverse (99 bytes)
Event: 3,073 Thread 0x00007f6b9c0b1800 nmethod 53 0x00007f6b99083b10 code [0x00007f6b99083de0, 0x00007f6b990850c8]

GC Heap History (2 events):
Event: 3,031 GC heap before
{Heap before GC invocations=1 (full 0):
 PSYoungGen      total 11776K, used 10240K [0x00000000f2200000, 0x00000000f2f00000, 0x0000000100000000)
  eden space 10240K, 100% used [0x00000000f2200000,0x00000000f2c00000,0x00000000f2c00000)
  from space 1536K, 0% used [0x00000000f2d80000,0x00000000f2d80000,0x00000000f2f00000)
  to   space 1536K, 0% used [0x00000000f2c00000,0x00000000f2c00000,0x00000000f2d80000)
 ParOldGen       total 25600K, used 0K [0x00000000d6600000, 0x00000000d7f00000, 0x00000000f2200000)
  object space 25600K, 0% used [0x00000000d6600000,0x00000000d6600000,0x00000000d7f00000)
 PSPermGen       total 21504K, used 5263K [0x00000000cc000000, 0x00000000cd500000, 0x00000000d6600000)
  object space 21504K, 24% used [0x00000000cc000000,0x00000000cc523eb0,0x00000000cd500000)
Event: 3,036 GC heap after
Heap after GC invocations=1 (full 0):
 PSYoungGen      total 11776K, used 1520K [0x00000000f2200000, 0x00000000f2f00000, 0x0000000100000000)
  eden space 10240K, 0% used [0x00000000f2200000,0x00000000f2200000,0x00000000f2c00000)
  from space 1536K, 98% used [0x00000000f2c00000,0x00000000f2d7c010,0x00000000f2d80000)
  to   space 1536K, 0% used [0x00000000f2d80000,0x00000000f2d80000,0x00000000f2f00000)
 ParOldGen       total 25600K, used 523K [0x00000000d6600000, 0x00000000d7f00000, 0x00000000f2200000)
  object space 25600K, 2% used [0x00000000d6600000,0x00000000d6682c68,0x00000000d7f00000)
 PSPermGen       total 21504K, used 5263K [0x00000000cc000000, 0x00000000cd500000, 0x00000000d6600000)
  object space 21504K, 24% used [0x00000000cc000000,0x00000000cc523eb0,0x00000000cd500000)
}

Deoptimization events (4 events):
Event: 2,794 Thread 0x00007f6b9c00e800 Uncommon trap: reason=class_check action=maybe_recompile pc=0x00007f6b99069b78 method=java.util.Properties$LineReader.readLine()I @ 62
Event: 2,795 Thread 0x00007f6b9c00e800 Uncommon trap: reason=class_check action=maybe_recompile pc=0x00007f6b99069b78 method=java.util.Properties$LineReader.readLine()I @ 62
Event: 2,797 Thread 0x00007f6b9c00e800 Uncommon trap: reason=class_check action=maybe_recompile pc=0x00007f6b99069b78 method=java.util.Properties$LineReader.readLine()I @ 62
Event: 2,800 Thread 0x00007f6b9c00e800 Uncommon trap: reason=class_check action=maybe_recompile pc=0x00007f6b99069b78 method=java.util.Properties$LineReader.readLine()I @ 62

Internal exceptions (10 events):
Event: 3,023 Thread 0x00007f6b9c00e800 Threw 0x00000000f2ba9748 at /build/buildd/openjdk-7-7u55-2.4.7/build/openjdk/hotspot/src/share/vm/prims/jvm.cpp:1244
Event: 3,023 Thread 0x00007f6b9c00e800 Threw 0x00000000f2badbe8 at /build/buildd/openjdk-7-7u55-2.4.7/build/openjdk/hotspot/src/share/vm/prims/jvm.cpp:1244
Event: 3,026 Thread 0x00007f6b9c00e800 Threw 0x00000000f2bbc060 at /build/buildd/openjdk-7-7u55-2.4.7/build/openjdk/hotspot/src/share/vm/prims/jvm.cpp:1244
Event: 3,040 Thread 0x00007f6b9c00e800 Threw 0x00000000f220db40 at /build/buildd/openjdk-7-7u55-2.4.7/build/openjdk/hotspot/src/share/vm/classfile/systemDictionary.cpp:185
Event: 3,040 Thread 0x00007f6b9c00e800 Threw 0x00000000f220e8b0 at /build/buildd/openjdk-7-7u55-2.4.7/build/openjdk/hotspot/src/share/vm/prims/jvm.cpp:1244
Event: 3,041 Thread 0x00007f6b9c00e800 Threw 0x00000000f2212d50 at /build/buildd/openjdk-7-7u55-2.4.7/build/openjdk/hotspot/src/share/vm/prims/jvm.cpp:1244
Event: 3,041 Thread 0x00007f6b9c00e800 Threw 0x00000000f22139e0 at /build/buildd/openjdk-7-7u55-2.4.7/build/openjdk/hotspot/src/share/vm/classfile/systemDictionary.cpp:185
Event: 3,041 Thread 0x00007f6b9c00e800 Threw 0x00000000f2214750 at /build/buildd/openjdk-7-7u55-2.4.7/build/openjdk/hotspot/src/share/vm/prims/jvm.cpp:1244
Event: 3,041 Thread 0x00007f6b9c00e800 Threw 0x00000000f2218bf0 at /build/buildd/openjdk-7-7u55-2.4.7/build/openjdk/hotspot/src/share/vm/prims/jvm.cpp:1244
Event: 3,053 Thread 0x00007f6b9c00e800 Threw 0x00000000f229d8b8 at /build/buildd/openjdk-7-7u55-2.4.7/build/openjdk/hotspot/src/share/vm/prims/jvm.cpp:1244

Events (10 events):
Event: 580,997 Executing VM operation: RedefineClasses
Event: 580,998 Executing VM operation: RedefineClasses done
Event: 620,449 Executing VM operation: RedefineClasses
Event: 620,450 Executing VM operation: RedefineClasses done
Event: 631,265 Executing VM operation: RedefineClasses
Event: 631,265 Executing VM operation: RedefineClasses done
Event: 697,579 Executing VM operation: RedefineClasses
Event: 697,579 Executing VM operation: RedefineClasses done
Event: 783,561 Executing VM operation: RedefineClasses
Event: 783,561 Executing VM operation: RedefineClasses done


Dynamic libraries:
00400000-00401000 r-xp 00000000 08:01 270145                             /usr/lib/jvm/java-7-openjdk-amd64/jre/bin/java
00600000-00601000 r--p 00000000 08:01 270145                             /usr/lib/jvm/java-7-openjdk-amd64/jre/bin/java
00601000-00602000 rw-p 00001000 08:01 270145                             /usr/lib/jvm/java-7-openjdk-amd64/jre/bin/java
0074f000-00770000 rw-p 00000000 00:00 0                                  [heap]
cc000000-cd500000 rw-p 00000000 00:00 0 
cd500000-d6600000 rw-p 00000000 00:00 0 
d6600000-d7f00000 rw-p 00000000 00:00 0 
d7f00000-f2200000 rw-p 00000000 00:00 0 
f2200000-f2f00000 rw-p 00000000 00:00 0 
f2f00000-100000000 rw-p 00000000 00:00 0 
7f6b5fea2000-7f6b60000000 rw-p 00000000 00:00 0 
7f6b60000000-7f6b60021000 rw-p 00000000 00:00 0 
7f6b60021000-7f6b64000000 ---p 00000000 00:00 0 
7f6b64000000-7f6b64021000 rw-p 00000000 00:00 0 
7f6b64021000-7f6b68000000 ---p 00000000 00:00 0 
7f6b68000000-7f6b682f6000 rw-p 00000000 00:00 0 
7f6b682f6000-7f6b6c000000 ---p 00000000 00:00 0 
7f6b6c000000-7f6b6c1bd000 rw-p 00000000 00:00 0 
7f6b6c1bd000-7f6b70000000 ---p 00000000 00:00 0 
7f6b70000000-7f6b70021000 rw-p 00000000 00:00 0 
7f6b70021000-7f6b74000000 ---p 00000000 00:00 0 
7f6b74000000-7f6b74021000 rw-p 00000000 00:00 0 
7f6b74021000-7f6b78000000 ---p 00000000 00:00 0 
7f6b78000000-7f6b78021000 rw-p 00000000 00:00 0 
7f6b78021000-7f6b7c000000 ---p 00000000 00:00 0 
7f6b7c000000-7f6b7c040000 rw-p 00000000 00:00 0 
7f6b7c040000-7f6b80000000 ---p 00000000 00:00 0 
7f6b80000000-7f6b80021000 rw-p 00000000 00:00 0 
7f6b80021000-7f6b84000000 ---p 00000000 00:00 0 
7f6b84000000-7f6b84021000 rw-p 00000000 00:00 0 
7f6b84021000-7f6b88000000 ---p 00000000 00:00 0 
7f6b88000000-7f6b88021000 rw-p 00000000 00:00 0 
7f6b88021000-7f6b8c000000 ---p 00000000 00:00 0 
7f6b8c000000-7f6b8c021000 rw-p 00000000 00:00 0 
7f6b8c021000-7f6b90000000 ---p 00000000 00:00 0 
7f6b90000000-7f6b90021000 rw-p 00000000 00:00 0 
7f6b90021000-7f6b94000000 ---p 00000000 00:00 0 
7f6b9400e000-7f6b940e6000 rw-p 00000000 00:00 0 
7f6b940e6000-7f6b940eb000 r-xp 00000000 08:01 921715                     /lib/x86_64-linux-gnu/libnss_dns-2.19.so
7f6b940eb000-7f6b942ea000 ---p 00005000 08:01 921715                     /lib/x86_64-linux-gnu/libnss_dns-2.19.so
7f6b942ea000-7f6b942eb000 r--p 00004000 08:01 921715                     /lib/x86_64-linux-gnu/libnss_dns-2.19.so
7f6b942eb000-7f6b942ec000 rw-p 00005000 08:01 921715                     /lib/x86_64-linux-gnu/libnss_dns-2.19.so
7f6b942ec000-7f6b942ee000 r-xp 00000000 08:01 921723                     /lib/x86_64-linux-gnu/libnss_mdns4_minimal.so.2
7f6b942ee000-7f6b944ed000 ---p 00002000 08:01 921723                     /lib/x86_64-linux-gnu/libnss_mdns4_minimal.so.2
7f6b944ed000-7f6b944ee000 r--p 00001000 08:01 921723                     /lib/x86_64-linux-gnu/libnss_mdns4_minimal.so.2
7f6b944ee000-7f6b944ef000 rw-p 00002000 08:01 921723                     /lib/x86_64-linux-gnu/libnss_mdns4_minimal.so.2
7f6b944ef000-7f6b94520000 rw-p 00000000 00:00 0 
7f6b94520000-7f6b9455d000 r-xp 00000000 08:01 921745                     /lib/x86_64-linux-gnu/libpcre.so.3.13.1
7f6b9455d000-7f6b9475c000 ---p 0003d000 08:01 921745                     /lib/x86_64-linux-gnu/libpcre.so.3.13.1
7f6b9475c000-7f6b9475d000 r--p 0003c000 08:01 921745                     /lib/x86_64-linux-gnu/libpcre.so.3.13.1
7f6b9475d000-7f6b9475e000 rw-p 0003d000 08:01 921745                     /lib/x86_64-linux-gnu/libpcre.so.3.13.1
7f6b9475e000-7f6b94765000 r-xp 00000000 08:01 272141                     /usr/lib/x86_64-linux-gnu/libffi.so.6.0.1
7f6b94765000-7f6b94964000 ---p 00007000 08:01 272141                     /usr/lib/x86_64-linux-gnu/libffi.so.6.0.1
7f6b94964000-7f6b94965000 r--p 00006000 08:01 272141                     /usr/lib/x86_64-linux-gnu/libffi.so.6.0.1
7f6b94965000-7f6b94966000 rw-p 00007000 08:01 272141                     /usr/lib/x86_64-linux-gnu/libffi.so.6.0.1
7f6b94966000-7f6b9497d000 r-xp 00000000 08:01 921768                     /lib/x86_64-linux-gnu/libresolv-2.19.so
7f6b9497d000-7f6b94b7d000 ---p 00017000 08:01 921768                     /lib/x86_64-linux-gnu/libresolv-2.19.so
7f6b94b7d000-7f6b94b7e000 r--p 00017000 08:01 921768                     /lib/x86_64-linux-gnu/libresolv-2.19.so
7f6b94b7e000-7f6b94b7f000 rw-p 00018000 08:01 921768                     /lib/x86_64-linux-gnu/libresolv-2.19.so
7f6b94b7f000-7f6b94b81000 rw-p 00000000 00:00 0 
7f6b94b81000-7f6b94ba1000 r-xp 00000000 08:01 921772                     /lib/x86_64-linux-gnu/libselinux.so.1
7f6b94ba1000-7f6b94da0000 ---p 00020000 08:01 921772                     /lib/x86_64-linux-gnu/libselinux.so.1
7f6b94da0000-7f6b94da1000 r--p 0001f000 08:01 921772                     /lib/x86_64-linux-gnu/libselinux.so.1
7f6b94da1000-7f6b94da2000 rw-p 00020000 08:01 921772                     /lib/x86_64-linux-gnu/libselinux.so.1
7f6b94da2000-7f6b94da4000 rw-p 00000000 00:00 0 
7f6b94da4000-7f6b94da7000 r-xp 00000000 08:01 272258                     /usr/lib/x86_64-linux-gnu/libgmodule-2.0.so.0.4000.0
7f6b94da7000-7f6b94fa6000 ---p 00003000 08:01 272258                     /usr/lib/x86_64-linux-gnu/libgmodule-2.0.so.0.4000.0
7f6b94fa6000-7f6b94fa7000 r--p 00002000 08:01 272258                     /usr/lib/x86_64-linux-gnu/libgmodule-2.0.so.0.4000.0
7f6b94fa7000-7f6b94fa8000 rw-p 00003000 08:01 272258                     /usr/lib/x86_64-linux-gnu/libgmodule-2.0.so.0.4000.0
7f6b94fa8000-7f6b950ae000 r-xp 00000000 08:01 921673                     /lib/x86_64-linux-gnu/libglib-2.0.so.0.4000.0
7f6b950ae000-7f6b952ad000 ---p 00106000 08:01 921673                     /lib/x86_64-linux-gnu/libglib-2.0.so.0.4000.0
7f6b952ad000-7f6b952ae000 r--p 00105000 08:01 921673                     /lib/x86_64-linux-gnu/libglib-2.0.so.0.4000.0
7f6b952ae000-7f6b952af000 rw-p 00106000 08:01 921673                     /lib/x86_64-linux-gnu/libglib-2.0.so.0.4000.0
7f6b952af000-7f6b952b0000 rw-p 00000000 00:00 0 
7f6b952b0000-7f6b952ff000 r-xp 00000000 08:01 272274                     /usr/lib/x86_64-linux-gnu/libgobject-2.0.so.0.4000.0
7f6b952ff000-7f6b954ff000 ---p 0004f000 08:01 272274                     /usr/lib/x86_64-linux-gnu/libgobject-2.0.so.0.4000.0
7f6b954ff000-7f6b95500000 r--p 0004f000 08:01 272274                     /usr/lib/x86_64-linux-gnu/libgobject-2.0.so.0.4000.0
7f6b95500000-7f6b95501000 rw-p 00050000 08:01 272274                     /usr/lib/x86_64-linux-gnu/libgobject-2.0.so.0.4000.0
7f6b95501000-7f6b9566c000 r-xp 00000000 08:01 272244                     /usr/lib/x86_64-linux-gnu/libgio-2.0.so.0.4000.0
7f6b9566c000-7f6b9586c000 ---p 0016b000 08:01 272244                     /usr/lib/x86_64-linux-gnu/libgio-2.0.so.0.4000.0
7f6b9586c000-7f6b95870000 r--p 0016b000 08:01 272244                     /usr/lib/x86_64-linux-gnu/libgio-2.0.so.0.4000.0
7f6b95870000-7f6b95872000 rw-p 0016f000 08:01 272244                     /usr/lib/x86_64-linux-gnu/libgio-2.0.so.0.4000.0
7f6b95872000-7f6b95874000 rw-p 00000000 00:00 0 
7f6b95887000-7f6b95889000 rw-p 00000000 00:00 0 
7f6b95889000-7f6b9589f000 r-xp 00000000 08:01 270206                     /usr/lib/jvm/java-7-openjdk-amd64/jre/lib/amd64/libnet.so
7f6b9589f000-7f6b95a9f000 ---p 00016000 08:01 270206                     /usr/lib/jvm/java-7-openjdk-amd64/jre/lib/amd64/libnet.so
7f6b95a9f000-7f6b95aa0000 r--p 00016000 08:01 270206                     /usr/lib/jvm/java-7-openjdk-amd64/jre/lib/amd64/libnet.so
7f6b95aa0000-7f6b95aa1000 rw-p 00017000 08:01 270206                     /usr/lib/jvm/java-7-openjdk-amd64/jre/lib/amd64/libnet.so
7f6b95aa1000-7f6b95aa2000 r--s 00002000 08:01 2229289                    /home/opengov/.m2/repository/org/slf4j/slf4j-simple/1.7.2/slf4j-simple-1.7.2.jar
7f6b95aa2000-7f6b95aa4000 r--s 00005000 08:01 2101910                    /home/opengov/.m2/repository/org/slf4j/slf4j-api/1.7.2/slf4j-api-1.7.2.jar
7f6b95aa4000-7f6b95aaa000 r--s 00042000 08:01 2228962                    /home/opengov/.m2/repository/org/jsoup/jsoup/1.7.2/jsoup-1.7.2.jar
7f6b95aaa000-7f6b95aad000 r--s 0001b000 08:01 2228666                    /home/opengov/.m2/repository/junit/junit/3.8.2/junit-3.8.2.jar
7f6b95aad000-7f6b95abb000 r--s 0008f000 08:01 2228385                    /home/opengov/.m2/repository/com/google/collections/google-collections/1.0/google-collections-1.0.jar
7f6b95abb000-7f6b95abc000 r--s 0000a000 08:01 2228363                    /home/opengov/.m2/repository/commons-logging/commons-logging-api/1.1/commons-logging-api-1.1.jar
7f6b95abc000-7f6b95ac3000 r--s 00051000 08:01 2228362                    /home/opengov/.m2/repository/log4j/log4j/1.2.12/log4j-1.2.12.jar
7f6b95ac3000-7f6b95ac7000 r--s 0001d000 08:01 2102788                    /home/opengov/.m2/repository/org/apache/xbean/xbean-reflect/3.4/xbean-reflect-3.4.jar
7f6b95ac7000-7f6b95ac9000 r--s 0000a000 08:01 2102787                    /home/opengov/.m2/repository/org/codehaus/plexus/plexus-classworlds/2.2.2/plexus-classworlds-2.2.2.jar
7f6b95ac9000-7f6b95ad0000 r--s 0002e000 08:01 2102782                    /home/opengov/.m2/repository/org/codehaus/plexus/plexus-container-default/1.5.5/plexus-container-default-1.5.5.jar
7f6b95ad0000-7f6b95ad1000 r--s 00004000 08:01 2102781                    /home/opengov/.m2/repository/org/codehaus/plexus/plexus-compiler-javac/2.2/plexus-compiler-javac-2.2.jar
7f6b95ad1000-7f6b95ad3000 r--s 00000000 08:01 2102780                    /home/opengov/.m2/repository/org/codehaus/plexus/plexus-compiler-manager/2.2/plexus-compiler-manager-2.2.jar
7f6b95ad3000-7f6b95ad5000 r--s 00005000 08:01 2102779                    /home/opengov/.m2/repository/org/codehaus/plexus/plexus-compiler-api/2.2/plexus-compiler-api-2.2.jar
7f6b95ad5000-7f6b95ad7000 r--s 00000000 08:01 2100429                    /home/opengov/.m2/repository/org/codehaus/plexus/plexus-component-annotations/1.5.5/plexus-component-annotations-1.5.5.jar
7f6b95ad7000-7f6b95ad9000 r--s 00002000 08:01 2102778                    /home/opengov/.m2/repository/org/apache/maven/shared/maven-shared-incremental/1.1/maven-shared-incremental-1.1.jar
7f6b95ad9000-7f6b95adb000 r--s 00006000 08:01 2102773                    /home/opengov/.m2/repository/com/google/code/findbugs/jsr305/2.0.1/jsr305-2.0.1.jar
7f6b95adb000-7f6b95ade000 r--s 00023000 08:01 2102772                    /home/opengov/.m2/repository/org/apache/maven/shared/maven-shared-utils/0.1/maven-shared-utils-0.1.jar
7f6b95ade000-7f6b95ae0000 r--s 00007000 08:01 2102771                    /home/opengov/.m2/repository/org/apache/maven/maven-toolchain/1.0/maven-toolchain-1.0.jar
7f6b95ae0000-7f6b95ae1000 r--s 00002000 08:01 2102770                    /home/opengov/.m2/repository/org/apache/maven/maven-monitor/2.0.9/maven-monitor-2.0.9.jar
7f6b95ae1000-7f6b95ae3000 r--s 0000d000 08:01 2102766                    /home/opengov/.m2/repository/org/apache/maven/maven-artifact-manager/2.0.9/maven-artifact-manager-2.0.9.jar
7f6b95ae3000-7f6b95ae5000 r--s 00008000 08:01 2102765                    /home/opengov/.m2/repository/org/apache/maven/maven-plugin-descriptor/2.0.9/maven-plugin-descriptor-2.0.9.jar
7f6b95ae5000-7f6b95ae7000 r--s 00006000 08:01 2102763                    /home/opengov/.m2/repository/org/apache/maven/maven-plugin-registry/2.0.9/maven-plugin-registry-2.0.9.jar
7f6b95ae7000-7f6b95aea000 r--s 0001b000 08:01 2102762                    /home/opengov/.m2/repository/org/apache/maven/maven-project/2.0.9/maven-project-2.0.9.jar
7f6b95aea000-7f6b95aec000 r--s 00002000 08:01 2102761                    /home/opengov/.m2/repository/org/apache/maven/maven-error-diagnostics/2.0.9/maven-error-diagnostics-2.0.9.jar
7f6b95aec000-7f6b95aee000 r--s 0000a000 08:01 2102758                    /home/opengov/.m2/repository/org/apache/maven/wagon/wagon-provider-api/1.0-beta-2/wagon-provider-api-1.0-beta-2.jar
7f6b95aee000-7f6b95af0000 r--s 00014000 08:01 2102756                    /home/opengov/.m2/repository/org/apache/maven/maven-model/2.0.9/maven-model-2.0.9.jar
7f6b95af0000-7f6b95af2000 r--s 00007000 08:01 2102755                    /home/opengov/.m2/repository/org/apache/maven/maven-profile/2.0.9/maven-profile-2.0.9.jar
7f6b95af2000-7f6b95af4000 r--s 00008000 08:01 2099647                    /home/opengov/.m2/repository/commons-logging/commons-logging/1.0.4/commons-logging-1.0.4.jar
7f6b95af4000-7f6b95af5000 ---p 00000000 00:00 0 
7f6b95af5000-7f6b95bf5000 rw-p 00000000 00:00 0                          [stack:13831]
7f6b95bf5000-7f6b95bf8000 ---p 00000000 00:00 0 
7f6b95bf8000-7f6b95cf6000 rw-p 00000000 00:00 0                          [stack:13830]
7f6b95cf6000-7f6b95cf9000 ---p 00000000 00:00 0 
7f6b95cf9000-7f6b95df7000 rw-p 00000000 00:00 0                          [stack:13829]
7f6b95df7000-7f6b95dfa000 ---p 00000000 00:00 0 
7f6b95dfa000-7f6b95ef8000 rw-p 00000000 00:00 0                          [stack:13828]
7f6b95ef8000-7f6b95efb000 ---p 00000000 00:00 0 
7f6b95efb000-7f6b95ff9000 rw-p 00000000 00:00 0                          [stack:13825]
7f6b95ff9000-7f6b95ffc000 ---p 00000000 00:00 0 
7f6b95ffc000-7f6b960fa000 rw-p 00000000 00:00 0                          [stack:13824]
7f6b960fa000-7f6b960fd000 ---p 00000000 00:00 0 
7f6b960fd000-7f6b961fb000 rw-p 00000000 00:00 0                          [stack:13821]
7f6b961fb000-7f6b961ff000 r-xp 00000000 08:01 270202                     /usr/lib/jvm/java-7-openjdk-amd64/jre/lib/amd64/libdt_socket.so
7f6b961ff000-7f6b963fe000 ---p 00004000 08:01 270202                     /usr/lib/jvm/java-7-openjdk-amd64/jre/lib/amd64/libdt_socket.so
7f6b963fe000-7f6b963ff000 r--p 00003000 08:01 270202                     /usr/lib/jvm/java-7-openjdk-amd64/jre/lib/amd64/libdt_socket.so
7f6b963ff000-7f6b96400000 rw-p 00004000 08:01 270202                     /usr/lib/jvm/java-7-openjdk-amd64/jre/lib/amd64/libdt_socket.so
7f6b96400000-7f6b96403000 ---p 00000000 00:00 0 
7f6b96403000-7f6b96501000 rw-p 00000000 00:00 0                          [stack:13819]
7f6b96501000-7f6b96504000 ---p 00000000 00:00 0 
7f6b96504000-7f6b96602000 rw-p 00000000 00:00 0                          [stack:13817]
7f6b96602000-7f6b96605000 ---p 00000000 00:00 0 
7f6b96605000-7f6b96703000 rw-p 00000000 00:00 0                          [stack:13816]
7f6b96703000-7f6b96704000 ---p 00000000 00:00 0 
7f6b96704000-7f6b971b9000 rw-p 00000000 00:00 0                          [stack:13815]
7f6b971b9000-7f6b97367000 r--s 01cfc000 08:01 270153                     /usr/lib/jvm/java-7-openjdk-amd64/jre/lib/rt.jar
7f6b97367000-7f6b99000000 rw-p 00000000 00:00 0 
7f6b99000000-7f6b99270000 rwxp 00000000 00:00 0 
7f6b99270000-7f6b9c36f000 rw-p 00000000 00:00 0 
7f6b9c36f000-7f6ba0000000 ---p 00000000 00:00 0 
7f6ba0000000-7f6ba0001000 r--s 00005000 08:01 2102759                    /home/opengov/.m2/repository/org/apache/maven/maven-repository-metadata/2.0.9/maven-repository-metadata-2.0.9.jar
7f6ba0001000-7f6ba0004000 r--s 00023000 08:01 2100432                    /home/opengov/.m2/repository/jdom/jdom/1.0/jdom-1.0.jar
7f6ba0004000-7f6ba0009000 r--s 00033000 08:01 2102751                    /home/opengov/.m2/repository/commons-httpclient/commons-httpclient/2.0.2/commons-httpclient-2.0.2.jar
7f6ba0009000-7f6ba000d000 r--s 00027000 08:01 2102750                    /home/opengov/.m2/repository/slide/slide-webdavlib/2.1/slide-webdavlib-2.1.jar
7f6ba000d000-7f6ba000f000 r--s 00003000 08:01 2102749                    /home/opengov/.m2/repository/org/apache/maven/wagon/wagon-webdav/1.0-beta-2/wagon-webdav-1.0-beta-2.jar
7f6ba000f000-7f6ba0011000 r--s 00004000 08:01 2102747                    /home/opengov/.m2/repository/org/apache/maven/maven-plugin-parameter-documenter/2.0.9/maven-plugin-parameter-documenter-2.0.9.jar
7f6ba0011000-7f6ba0014000 r--s 00024000 08:01 2102744                    /home/opengov/.m2/repository/org/apache/maven/maven-core/2.0.9/maven-core-2.0.9.jar
7f6ba0014000-7f6ba0018000 r--s 00030000 08:01 2102743                    /home/opengov/.m2/repository/org/codehaus/plexus/plexus-utils/1.5.1/plexus-utils-1.5.1.jar
7f6ba0018000-7f6ba0019000 ---p 00000000 00:00 0 
7f6ba0019000-7f6ba0119000 rw-p 00000000 00:00 0                          [stack:13813]
7f6ba0119000-7f6ba011a000 ---p 00000000 00:00 0 
7f6ba011a000-7f6ba0225000 rw-p 00000000 00:00 0                          [stack:13810]
7f6ba0225000-7f6ba026d000 rw-p 00000000 00:00 0 
7f6ba026d000-7f6ba027a000 rw-p 00000000 00:00 0 
7f6ba027a000-7f6ba034b000 rw-p 00000000 00:00 0 
7f6ba034b000-7f6ba0356000 rw-p 00000000 00:00 0 
7f6ba0356000-7f6ba039e000 rw-p 00000000 00:00 0 
7f6ba039e000-7f6ba03ab000 rw-p 00000000 00:00 0 
7f6ba03ab000-7f6ba047c000 rw-p 00000000 00:00 0 
7f6ba047c000-7f6ba0483000 rw-p 00000000 00:00 0 
7f6ba0483000-7f6ba04eb000 rw-p 00000000 00:00 0 
7f6ba04eb000-7f6ba04ec000 rw-p 00000000 00:00 0 
7f6ba04ec000-7f6ba04f4000 r-xp 00000000 08:01 270201                     /usr/lib/jvm/java-7-openjdk-amd64/jre/lib/amd64/libzip.so
7f6ba04f4000-7f6ba06f3000 ---p 00008000 08:01 270201                     /usr/lib/jvm/java-7-openjdk-amd64/jre/lib/amd64/libzip.so
7f6ba06f3000-7f6ba06f4000 r--p 00007000 08:01 270201                     /usr/lib/jvm/java-7-openjdk-amd64/jre/lib/amd64/libzip.so
7f6ba06f4000-7f6ba06f5000 rw-p 00008000 08:01 270201                     /usr/lib/jvm/java-7-openjdk-amd64/jre/lib/amd64/libzip.so
7f6ba06f5000-7f6ba0700000 r-xp 00000000 08:01 921717                     /lib/x86_64-linux-gnu/libnss_files-2.19.so
7f6ba0700000-7f6ba08ff000 ---p 0000b000 08:01 921717                     /lib/x86_64-linux-gnu/libnss_files-2.19.so
7f6ba08ff000-7f6ba0900000 r--p 0000a000 08:01 921717                     /lib/x86_64-linux-gnu/libnss_files-2.19.so
7f6ba0900000-7f6ba0901000 rw-p 0000b000 08:01 921717                     /lib/x86_64-linux-gnu/libnss_files-2.19.so
7f6ba0901000-7f6ba090c000 r-xp 00000000 08:01 921727                     /lib/x86_64-linux-gnu/libnss_nis-2.19.so
7f6ba090c000-7f6ba0b0b000 ---p 0000b000 08:01 921727                     /lib/x86_64-linux-gnu/libnss_nis-2.19.so
7f6ba0b0b000-7f6ba0b0c000 r--p 0000a000 08:01 921727                     /lib/x86_64-linux-gnu/libnss_nis-2.19.so
7f6ba0b0c000-7f6ba0b0d000 rw-p 0000b000 08:01 921727                     /lib/x86_64-linux-gnu/libnss_nis-2.19.so
7f6ba0b0d000-7f6ba0b24000 r-xp 00000000 08:01 921711                     /lib/x86_64-linux-gnu/libnsl-2.19.so
7f6ba0b24000-7f6ba0d23000 ---p 00017000 08:01 921711                     /lib/x86_64-linux-gnu/libnsl-2.19.so
7f6ba0d23000-7f6ba0d24000 r--p 00016000 08:01 921711                     /lib/x86_64-linux-gnu/libnsl-2.19.so
7f6ba0d24000-7f6ba0d25000 rw-p 00017000 08:01 921711                     /lib/x86_64-linux-gnu/libnsl-2.19.so
7f6ba0d25000-7f6ba0d27000 rw-p 00000000 00:00 0 
7f6ba0d27000-7f6ba0d30000 r-xp 00000000 08:01 921713                     /lib/x86_64-linux-gnu/libnss_compat-2.19.so
7f6ba0d30000-7f6ba0f2f000 ---p 00009000 08:01 921713                     /lib/x86_64-linux-gnu/libnss_compat-2.19.so
7f6ba0f2f000-7f6ba0f30000 r--p 00008000 08:01 921713                     /lib/x86_64-linux-gnu/libnss_compat-2.19.so
7f6ba0f30000-7f6ba0f31000 rw-p 00009000 08:01 921713                     /lib/x86_64-linux-gnu/libnss_compat-2.19.so
7f6ba0f31000-7f6ba1744000 r--p 00000000 08:01 270354                     /usr/lib/locale/locale-archive
7f6ba1744000-7f6ba1747000 r-xp 00000000 08:01 270234                     /usr/lib/jvm/java-7-openjdk-amd64/jre/lib/amd64/libnpt.so
7f6ba1747000-7f6ba1946000 ---p 00003000 08:01 270234                     /usr/lib/jvm/java-7-openjdk-amd64/jre/lib/amd64/libnpt.so
7f6ba1946000-7f6ba1947000 r--p 00002000 08:01 270234                     /usr/lib/jvm/java-7-openjdk-amd64/jre/lib/amd64/libnpt.so
7f6ba1947000-7f6ba1948000 rw-p 00003000 08:01 270234                     /usr/lib/jvm/java-7-openjdk-amd64/jre/lib/amd64/libnpt.so
7f6ba1948000-7f6ba1982000 r-xp 00000000 08:01 270217                     /usr/lib/jvm/java-7-openjdk-amd64/jre/lib/amd64/libjdwp.so
7f6ba1982000-7f6ba1b81000 ---p 0003a000 08:01 270217                     /usr/lib/jvm/java-7-openjdk-amd64/jre/lib/amd64/libjdwp.so
7f6ba1b81000-7f6ba1b82000 r--p 00039000 08:01 270217                     /usr/lib/jvm/java-7-openjdk-amd64/jre/lib/amd64/libjdwp.so
7f6ba1b82000-7f6ba1b83000 rw-p 0003a000 08:01 270217                     /usr/lib/jvm/java-7-openjdk-amd64/jre/lib/amd64/libjdwp.so
7f6ba1b83000-7f6ba1bae000 r-xp 00000000 08:01 270197                     /usr/lib/jvm/java-7-openjdk-amd64/jre/lib/amd64/libjava.so
7f6ba1bae000-7f6ba1dad000 ---p 0002b000 08:01 270197                     /usr/lib/jvm/java-7-openjdk-amd64/jre/lib/amd64/libjava.so
7f6ba1dad000-7f6ba1dae000 r--p 0002a000 08:01 270197                     /usr/lib/jvm/java-7-openjdk-amd64/jre/lib/amd64/libjava.so
7f6ba1dae000-7f6ba1db0000 rw-p 0002b000 08:01 270197                     /usr/lib/jvm/java-7-openjdk-amd64/jre/lib/amd64/libjava.so
7f6ba1db0000-7f6ba1dc0000 r-xp 00000000 08:01 270233                     /usr/lib/jvm/java-7-openjdk-amd64/jre/lib/amd64/libverify.so
7f6ba1dc0000-7f6ba1fbf000 ---p 00010000 08:01 270233                     /usr/lib/jvm/java-7-openjdk-amd64/jre/lib/amd64/libverify.so
7f6ba1fbf000-7f6ba1fc1000 r--p 0000f000 08:01 270233                     /usr/lib/jvm/java-7-openjdk-amd64/jre/lib/amd64/libverify.so
7f6ba1fc1000-7f6ba1fc2000 rw-p 00011000 08:01 270233                     /usr/lib/jvm/java-7-openjdk-amd64/jre/lib/amd64/libverify.so
7f6ba1fc2000-7f6ba1fc9000 r-xp 00000000 08:01 921770                     /lib/x86_64-linux-gnu/librt-2.19.so
7f6ba1fc9000-7f6ba21c8000 ---p 00007000 08:01 921770                     /lib/x86_64-linux-gnu/librt-2.19.so
7f6ba21c8000-7f6ba21c9000 r--p 00006000 08:01 921770                     /lib/x86_64-linux-gnu/librt-2.19.so
7f6ba21c9000-7f6ba21ca000 rw-p 00007000 08:01 921770                     /lib/x86_64-linux-gnu/librt-2.19.so
7f6ba21ca000-7f6ba21e0000 r-xp 00000000 08:01 921669                     /lib/x86_64-linux-gnu/libgcc_s.so.1
7f6ba21e0000-7f6ba23df000 ---p 00016000 08:01 921669                     /lib/x86_64-linux-gnu/libgcc_s.so.1
7f6ba23df000-7f6ba23e0000 rw-p 00015000 08:01 921669                     /lib/x86_64-linux-gnu/libgcc_s.so.1
7f6ba23e0000-7f6ba24e5000 r-xp 00000000 08:01 921692                     /lib/x86_64-linux-gnu/libm-2.19.so
7f6ba24e5000-7f6ba26e4000 ---p 00105000 08:01 921692                     /lib/x86_64-linux-gnu/libm-2.19.so
7f6ba26e4000-7f6ba26e5000 r--p 00104000 08:01 921692                     /lib/x86_64-linux-gnu/libm-2.19.so
7f6ba26e5000-7f6ba26e6000 rw-p 00105000 08:01 921692                     /lib/x86_64-linux-gnu/libm-2.19.so
7f6ba26e6000-7f6ba27cc000 r-xp 00000000 08:01 272769                     /usr/lib/x86_64-linux-gnu/libstdc++.so.6.0.19
7f6ba27cc000-7f6ba29cb000 ---p 000e6000 08:01 272769                     /usr/lib/x86_64-linux-gnu/libstdc++.so.6.0.19
7f6ba29cb000-7f6ba29d3000 r--p 000e5000 08:01 272769                     /usr/lib/x86_64-linux-gnu/libstdc++.so.6.0.19
7f6ba29d3000-7f6ba29d5000 rw-p 000ed000 08:01 272769                     /usr/lib/x86_64-linux-gnu/libstdc++.so.6.0.19
7f6ba29d5000-7f6ba29ea000 rw-p 00000000 00:00 0 
7f6ba29ea000-7f6ba34cb000 r-xp 00000000 08:01 270212                     /usr/lib/jvm/java-7-openjdk-amd64/jre/lib/amd64/server/libjvm.so
7f6ba34cb000-7f6ba36ca000 ---p 00ae1000 08:01 270212                     /usr/lib/jvm/java-7-openjdk-amd64/jre/lib/amd64/server/libjvm.so
7f6ba36ca000-7f6ba375c000 r--p 00ae0000 08:01 270212                     /usr/lib/jvm/java-7-openjdk-amd64/jre/lib/amd64/server/libjvm.so
7f6ba375c000-7f6ba377f000 rw-p 00b72000 08:01 270212                     /usr/lib/jvm/java-7-openjdk-amd64/jre/lib/amd64/server/libjvm.so
7f6ba377f000-7f6ba37ac000 rw-p 00000000 00:00 0 
7f6ba37ac000-7f6ba37c4000 r-xp 00000000 08:01 921805                     /lib/x86_64-linux-gnu/libz.so.1.2.8
7f6ba37c4000-7f6ba39c3000 ---p 00018000 08:01 921805                     /lib/x86_64-linux-gnu/libz.so.1.2.8
7f6ba39c3000-7f6ba39c4000 r--p 00017000 08:01 921805                     /lib/x86_64-linux-gnu/libz.so.1.2.8
7f6ba39c4000-7f6ba39c5000 rw-p 00018000 08:01 921805                     /lib/x86_64-linux-gnu/libz.so.1.2.8
7f6ba39c5000-7f6ba39de000 r-xp 00000000 08:01 921762                     /lib/x86_64-linux-gnu/libpthread-2.19.so
7f6ba39de000-7f6ba3bdd000 ---p 00019000 08:01 921762                     /lib/x86_64-linux-gnu/libpthread-2.19.so
7f6ba3bdd000-7f6ba3bde000 r--p 00018000 08:01 921762                     /lib/x86_64-linux-gnu/libpthread-2.19.so
7f6ba3bde000-7f6ba3bdf000 rw-p 00019000 08:01 921762                     /lib/x86_64-linux-gnu/libpthread-2.19.so
7f6ba3bdf000-7f6ba3be3000 rw-p 00000000 00:00 0 
7f6ba3be3000-7f6ba3be6000 r-xp 00000000 08:01 921659                     /lib/x86_64-linux-gnu/libdl-2.19.so
7f6ba3be6000-7f6ba3de5000 ---p 00003000 08:01 921659                     /lib/x86_64-linux-gnu/libdl-2.19.so
7f6ba3de5000-7f6ba3de6000 r--p 00002000 08:01 921659                     /lib/x86_64-linux-gnu/libdl-2.19.so
7f6ba3de6000-7f6ba3de7000 rw-p 00003000 08:01 921659                     /lib/x86_64-linux-gnu/libdl-2.19.so
7f6ba3de7000-7f6ba3fa3000 r-xp 00000000 08:01 921642                     /lib/x86_64-linux-gnu/libc-2.19.so
7f6ba3fa3000-7f6ba41a2000 ---p 001bc000 08:01 921642                     /lib/x86_64-linux-gnu/libc-2.19.so
7f6ba41a2000-7f6ba41a6000 r--p 001bb000 08:01 921642                     /lib/x86_64-linux-gnu/libc-2.19.so
7f6ba41a6000-7f6ba41a8000 rw-p 001bf000 08:01 921642                     /lib/x86_64-linux-gnu/libc-2.19.so
7f6ba41a8000-7f6ba41ad000 rw-p 00000000 00:00 0 
7f6ba41ad000-7f6ba41ba000 r-xp 00000000 08:01 270223                     /usr/lib/jvm/java-7-openjdk-amd64/jre/lib/amd64/jli/libjli.so
7f6ba41ba000-7f6ba43b9000 ---p 0000d000 08:01 270223                     /usr/lib/jvm/java-7-openjdk-amd64/jre/lib/amd64/jli/libjli.so
7f6ba43b9000-7f6ba43ba000 r--p 0000c000 08:01 270223                     /usr/lib/jvm/java-7-openjdk-amd64/jre/lib/amd64/jli/libjli.so
7f6ba43ba000-7f6ba43bb000 rw-p 0000d000 08:01 270223                     /usr/lib/jvm/java-7-openjdk-amd64/jre/lib/amd64/jli/libjli.so
7f6ba43bb000-7f6ba43de000 r-xp 00000000 08:01 921618                     /lib/x86_64-linux-gnu/ld-2.19.so
7f6ba43de000-7f6ba43df000 r--s 00005000 08:01 2102752                    /home/opengov/.m2/repository/de/zeigermann/xml/xml-im-exporter/1.1/xml-im-exporter-1.1.jar
7f6ba43df000-7f6ba43e2000 r--s 00013000 08:01 2102742                    /home/opengov/.m2/repository/org/apache/maven/maven-artifact/2.0.9/maven-artifact-2.0.9.jar
7f6ba43e2000-7f6ba43e4000 r--s 00002000 08:01 2102741                    /home/opengov/.m2/repository/org/apache/maven/maven-plugin-api/2.0.9/maven-plugin-api-2.0.9.jar
7f6ba43e4000-7f6ba43e6000 r--s 00009000 08:01 2102740                    /home/opengov/.m2/repository/org/apache/maven/plugins/maven-compiler-plugin/3.1/maven-compiler-plugin-3.1.jar
7f6ba43e6000-7f6ba43ea000 r--s 00085000 08:01 270160                     /usr/lib/jvm/java-7-openjdk-amd64/jre/lib/ext/localedata.jar
7f6ba43ea000-7f6ba43ec000 r--s 00012000 08:01 270158                     /usr/lib/jvm/java-7-openjdk-amd64/jre/lib/ext/zipfs.jar
7f6ba43ec000-7f6ba43ef000 r--s 0000f000 08:01 270157                     /usr/lib/jvm/java-7-openjdk-amd64/jre/lib/ext/pulse-java.jar
7f6ba43ef000-7f6ba440a000 rw-p 00000000 00:00 0 
7f6ba440a000-7f6ba44c0000 rw-p 00000000 00:00 0 
7f6ba44c0000-7f6ba44c3000 ---p 00000000 00:00 0 
7f6ba44c3000-7f6ba45c6000 rw-p 00000000 00:00 0                          [stack:13808]
7f6ba45c6000-7f6ba45c7000 r--s 0000b000 08:01 2102746                    /home/opengov/.m2/repository/org/apache/maven/maven-settings/2.0.9/maven-settings-2.0.9.jar
7f6ba45c7000-7f6ba45c8000 r--s 00002000 08:01 270162                     /usr/lib/jvm/java-7-openjdk-amd64/jre/lib/ext/dnsns.jar
7f6ba45c8000-7f6ba45cb000 r--s 00032000 08:01 270159                     /usr/lib/jvm/java-7-openjdk-amd64/jre/lib/ext/sunjce_provider.jar
7f6ba45cb000-7f6ba45cd000 r--s 00006000 08:01 671080                     /usr/share/java/java-atk-wrapper.jar
7f6ba45cd000-7f6ba45d1000 r--s 0003b000 08:01 270161                     /usr/lib/jvm/java-7-openjdk-amd64/jre/lib/ext/sunpkcs11.jar
7f6ba45d1000-7f6ba45d9000 rw-s 00000000 08:01 2359343                    /tmp/hsperfdata_opengov/13806
7f6ba45d9000-7f6ba45da000 rw-p 00000000 00:00 0 
7f6ba45da000-7f6ba45db000 r--p 00000000 00:00 0 
7f6ba45db000-7f6ba45dd000 rw-p 00000000 00:00 0 
7f6ba45dd000-7f6ba45de000 r--p 00022000 08:01 921618                     /lib/x86_64-linux-gnu/ld-2.19.so
7f6ba45de000-7f6ba45df000 rw-p 00023000 08:01 921618                     /lib/x86_64-linux-gnu/ld-2.19.so
7f6ba45df000-7f6ba45e0000 rw-p 00000000 00:00 0 
7fff83d84000-7fff83da6000 rw-p 00000000 00:00 0                          [stack]
7fff83dfe000-7fff83e00000 r-xp 00000000 00:00 0                          [vdso]
ffffffffff600000-ffffffffff601000 r-xp 00000000 00:00 0                  [vsyscall]

VM Arguments:
jvm_args: -agentlib:jdwp=transport=dt_socket,suspend=y,address=localhost:38438 -Dfile.encoding=UTF-8 
java_command: pl.socialgov.rzseie.Scrapper
Launcher Type: SUN_STANDARD

Environment Variables:
PATH=/usr/local/sbin:/usr/local/bin:/usr/sbin:/usr/bin:/sbin:/bin:/usr/games:/usr/local/games
SHELL=/bin/bash
DISPLAY=:0

Signal Handlers:
SIGSEGV: [libjvm.so+0x918620], sa_mask[0]=0x7ffbfeff, sa_flags=0x10000004
SIGBUS: [libjvm.so+0x918620], sa_mask[0]=0x7ffbfeff, sa_flags=0x10000004
SIGFPE: [libjvm.so+0x795e30], sa_mask[0]=0x7ffbfeff, sa_flags=0x10000004
SIGPIPE: [libjvm.so+0x795e30], sa_mask[0]=0x7ffbfeff, sa_flags=0x10000004
SIGXFSZ: [libjvm.so+0x795e30], sa_mask[0]=0x7ffbfeff, sa_flags=0x10000004
SIGILL: [libjvm.so+0x795e30], sa_mask[0]=0x7ffbfeff, sa_flags=0x10000004
SIGUSR1: SIG_DFL, sa_mask[0]=0x00000000, sa_flags=0x00000000
SIGUSR2: [libjvm.so+0x795cd0], sa_mask[0]=0x00000004, sa_flags=0x10000004
SIGHUP: [libjvm.so+0x795eb0], sa_mask[0]=0x7ffbfeff, sa_flags=0x10000004
SIGINT: [libjvm.so+0x795eb0], sa_mask[0]=0x7ffbfeff, sa_flags=0x10000004
SIGTERM: [libjvm.so+0x795eb0], sa_mask[0]=0x7ffbfeff, sa_flags=0x10000004
SIGQUIT: [libjvm.so+0x795eb0], sa_mask[0]=0x7ffbfeff, sa_flags=0x10000004


---------------  S Y S T E M  ---------------

OS:Ubuntu 14.04 (trusty)
uname:Linux 3.13.0-24-generic #46-Ubuntu SMP Thu Apr 10 19:11:08 UTC 2014 x86_64
libc:glibc 2.19 NPTL 2.19 
rlimit: STACK 8192k, CORE 0k, NPROC 19342, NOFILE 4096, AS infinity
load average:4,08 2,84 2,75

/proc/meminfo:
MemTotal:        2497384 kB
MemFree:          104396 kB
Buffers:           18308 kB
Cached:           755332 kB
SwapCached:         1524 kB
Active:          1310848 kB
Inactive:         902376 kB
Active(anon):    1038768 kB
Inactive(anon):   416224 kB
Active(file):     272080 kB
Inactive(file):   486152 kB
Unevictable:          32 kB
Mlocked:              32 kB
SwapTotal:       1046524 kB
SwapFree:        1036484 kB
Dirty:              7908 kB
Writeback:             0 kB
AnonPages:       1438188 kB
Mapped:           100768 kB
Shmem:             15448 kB
Slab:              74556 kB
SReclaimable:      39484 kB
SUnreclaim:        35072 kB
KernelStack:        5400 kB
PageTables:        32932 kB
NFS_Unstable:          0 kB
Bounce:                0 kB
WritebackTmp:          0 kB
CommitLimit:     2295216 kB
Committed_AS:    4282104 kB
VmallocTotal:   34359738367 kB
VmallocUsed:      298812 kB
VmallocChunk:   34359378432 kB
HardwareCorrupted:     0 kB
AnonHugePages:    479232 kB
HugePages_Total:       0
HugePages_Free:        0
HugePages_Rsvd:        0
HugePages_Surp:        0
Hugepagesize:       2048 kB
DirectMap4k:       46976 kB
DirectMap2M:     2512896 kB


CPU:total 2 (2 cores per cpu, 1 threads per core) family 6 model 58 stepping 9, cmov, cx8, fxsr, mmx, sse, sse2, sse3, ssse3, sse4.1, sse4.2, popcnt, avx, aes, erms, tsc, tscinvbit, tscinv

/proc/cpuinfo:
processor	: 0
vendor_id	: GenuineIntel
cpu family	: 6
model		: 58
model name	: Intel(R) Core(TM) i5-3437U CPU @ 1.90GHz
stepping	: 9
microcode	: 0x16
cpu MHz		: 2394.570
cache size	: 3072 KB
physical id	: 0
siblings	: 2
core id		: 0
cpu cores	: 2
apicid		: 0
initial apicid	: 0
fpu		: yes
fpu_exception	: yes
cpuid level	: 13
wp		: yes
flags		: fpu vme de pse tsc msr pae mce cx8 apic sep mtrr pge mca cmov pat pse36 clflush dts mmx fxsr sse sse2 ss ht syscall nx rdtscp lm constant_tsc arch_perfmon pebs bts nopl xtopology tsc_reliable nonstop_tsc aperfmperf eagerfpu pni pclmulqdq ssse3 cx16 pcid sse4_1 sse4_2 x2apic popcnt aes xsave avx f16c rdrand hypervisor lahf_lm ida arat epb xsaveopt pln pts dtherm fsgsbase smep
bogomips	: 4789.14
clflush size	: 64
cache_alignment	: 64
address sizes	: 40 bits physical, 48 bits virtual
power management:

processor	: 1
vendor_id	: GenuineIntel
cpu family	: 6
model		: 58
model name	: Intel(R) Core(TM) i5-3437U CPU @ 1.90GHz
stepping	: 9
microcode	: 0x16
cpu MHz		: 2394.570
cache size	: 3072 KB
physical id	: 0
siblings	: 2
core id		: 1
cpu cores	: 2
apicid		: 1
initial apicid	: 1
fpu		: yes
fpu_exception	: yes
cpuid level	: 13
wp		: yes
flags		: fpu vme de pse tsc msr pae mce cx8 apic sep mtrr pge mca cmov pat pse36 clflush dts mmx fxsr sse sse2 ss ht syscall nx rdtscp lm constant_tsc arch_perfmon pebs bts nopl xtopology tsc_reliable nonstop_tsc aperfmperf eagerfpu pni pclmulqdq ssse3 cx16 pcid sse4_1 sse4_2 x2apic popcnt aes xsave avx f16c rdrand hypervisor lahf_lm ida arat epb xsaveopt pln pts dtherm fsgsbase smep
bogomips	: 4789.14
clflush size	: 64
cache_alignment	: 64
address sizes	: 40 bits physical, 48 bits virtual
power management:



Memory: 4k page, physical 2497384k(104396k free), swap 1046524k(1036484k free)

vm_info: OpenJDK 64-Bit Server VM (24.51-b03) for linux-amd64 JRE (1.7.0_55-b14), built on Apr 17 2014 20:08:07 by "buildd" with gcc 4.8.2

time: Wed Jul  2 10:50:37 2014
elapsed time: 783 seconds

