#
# A fatal error has been detected by the Java Runtime Environment:
#
#  SIGSEGV (0xb) at pc=0x00007f4e5bfc9468, pid=13719, tid=139974310590208
#
# JRE version: OpenJDK Runtime Environment (7.0_55-b14) (build 1.7.0_55-b14)
# Java VM: OpenJDK 64-Bit Server VM (24.51-b03 mixed mode linux-amd64 compressed oops)
# Problematic frame:
# V  [libjvm.so+0x622468]  JNIHandles::checked_resolve_jmethod_id(_jmethodID*)+0x18
#
# Failed to write core dump. Core dumps have been disabled. To enable core dumping, try "ulimit -c unlimited" before starting Java again
#
# If you would like to submit a bug report, please include
# instructions on how to reproduce the bug and visit:
#   http://icedtea.classpath.org/bugzilla
#

---------------  T H R E A D  ---------------

Current thread (0x00007f4e540ab800):  JavaThread "JDWP Transport Listener: dt_socket" daemon [_thread_in_vm, id=13736, stack(0x00007f4e4eff7000,0x00007f4e4f0f8000)]

siginfo:si_signo=SIGSEGV: si_errno=0, si_code=1 (SEGV_MAPERR), si_addr=0x0000003b74655379

Registers:
RAX=0xfefefefefefefefe, RBX=0x00007f4e54005940, RCX=0x00007f4e5cb9b320, RDX=0x0000000000000001
RSP=0x00007f4e4f0f69b0, RBP=0x00007f4e4f0f69c0, RSI=0x00007f4e540ab800, RDI=0x0000003b74655379
R8 =0x0000000000000000, R9 =0x00007f4e34009320, R10=0x00007f4e4f0f69b0, R11=0x00007f4e5cf1d5e0
R12=0x00007f4e4f0f6a97, R13=0x0000003b74655379, R14=0x00007f4e540ab800, R15=0x00007f4e4f0f69e0
RIP=0x00007f4e5bfc9468, EFLAGS=0x0000000000010202, CSGSFS=0x0000000000000033, ERR=0x0000000000000004
  TRAPNO=0x000000000000000e

Top of Stack: (sp=0x00007f4e4f0f69b0)
0x00007f4e4f0f69b0:   00007f4e4f0f6a97 00007f4e54005940
0x00007f4e4f0f69c0:   00007f4e4f0f6a30 00007f4e5bfbea13
0x00007f4e4f0f69d0:   00007f4e5c74f1ec 00007f4e5c009216
0x00007f4e4f0f69e0:   00007f4e540ab800 0000000000000000
0x00007f4e4f0f69f0:   00007f4e00000000 0000000000000000
0x00007f4e4f0f6a00:   00007f4e4f0f6b80 00007f4e4f0f6a97
0x00007f4e4f0f6a10:   00007f4e5ab3fee0 0000003b74655379
0x00007f4e4f0f6a20:   00007f4e4f0f6a97 00007f4e4f0f6a9c
0x00007f4e4f0f6a30:   00007f4e4f0f6a60 00007f4e5a92ba09
0x00007f4e4f0f6a40:   00007f4e4f0f6a60 0000000000000008
0x00007f4e4f0f6a50:   00007f4e4f0f6b80 0000003b74655379
0x00007f4e4f0f6a60:   00007f4e4f0f6af0 00007f4e5a90c548
0x00007f4e4f0f6a70:   00007f4e4f0f6ab0 00007f4e4f0f6ab0
0x00007f4e4f0f6a80:   00007f4e4f0f6ab8 000000015a911419
0x00007f4e4f0f6a90:   00007f4e4f0f6b50 0000000a00000009
0x00007f4e4f0f6aa0:   00007f4e34009350 0000000000000000
0x00007f4e4f0f6ab0:   0000000000000000 0000000000000000
0x00007f4e4f0f6ac0:   00007f4e4f0f6b50 00000000000f0200
0x00007f4e4f0f6ad0:   00007f4e4f0f6b50 0000000000000002
0x00007f4e4f0f6ae0:   00007f4e4f0f6b80 00007f4e5ab3fee0
0x00007f4e4f0f6af0:   00007f4e4f0f6d40 00007f4e5a9165d8
0x00007f4e4f0f6b00:   00000d7a00000013 00007f4e5c0f0200
0x00007f4e4f0f6b10:   00007f4e2c000ba0 00007f4e5ab3fee0
0x00007f4e4f0f6b20:   00007f4e4f0f6b50 00007f4e2c000b0f
0x00007f4e4f0f6b30:   00000d7a00000013 00007f4e5c0f0200
0x00007f4e4f0f6b40:   00007f4e2c000ba0 00007f4e540a2e58
0x00007f4e4f0f6b50:   00007f4e2c000ba8 000000000000000b
0x00007f4e4f0f6b60:   00000d7a00000013 00007f4e5c0f0200
0x00007f4e4f0f6b70:   00007f4e2c000ba0 00007f4e34003a90
0x00007f4e4f0f6b80:   00007f4e3400869d 000000000000017b
0x00007f4e4f0f6b90:   00007f4e340242e0 00007f4e0000012c
0x00007f4e4f0f6ba0:   00007f4e4f0f6bd0 00007f4e340242e0 

Instructions: (pc=0x00007f4e5bfc9468)
0x00007f4e5bfc9448:   0f 1f 84 00 00 00 00 00 48 85 ff 74 7b 55 48 b8
0x00007f4e5bfc9458:   fe fe fe fe fe fe fe fe 48 89 e5 53 48 83 ec 08
0x00007f4e5bfc9468:   48 8b 1f 48 39 c3 74 38 48 85 db 74 33 48 8d 05
0x00007f4e5bfc9478:   c7 ba 77 00 80 38 00 75 37 48 8b 53 08 48 8b 42 

Register to memory mapping:

RAX=0xfefefefefefefefe is an unknown value
RBX=0x00007f4e54005940 is an unknown value
RCX=0x00007f4e5cb9b320: <offset 0x219320> in /lib/x86_64-linux-gnu/libpthread.so.0 at 0x00007f4e5c982000
RDX=0x0000000000000001 is an unknown value
RSP=0x00007f4e4f0f69b0 is pointing into the stack for thread: 0x00007f4e540ab800
RBP=0x00007f4e4f0f69c0 is pointing into the stack for thread: 0x00007f4e540ab800
RSI=0x00007f4e540ab800 is a thread
RDI=0x0000003b74655379 is an unknown value
R8 =0x0000000000000000 is an unknown value
R9 =0x00007f4e34009320 is an unknown value
R10=0x00007f4e4f0f69b0 is pointing into the stack for thread: 0x00007f4e540ab800
R11=0x00007f4e5cf1d5e0: <offset 0x1795e0> in /lib/x86_64-linux-gnu/libc.so.6 at 0x00007f4e5cda4000
R12=0x00007f4e4f0f6a97 is pointing into the stack for thread: 0x00007f4e540ab800
R13=0x0000003b74655379 is an unknown value
R14=0x00007f4e540ab800 is a thread
R15=0x00007f4e4f0f69e0 is pointing into the stack for thread: 0x00007f4e540ab800


Stack: [0x00007f4e4eff7000,0x00007f4e4f0f8000],  sp=0x00007f4e4f0f69b0,  free space=1022k
Native frames: (J=compiled Java code, j=interpreted, Vv=VM code, C=native code)
V  [libjvm.so+0x622468]  JNIHandles::checked_resolve_jmethod_id(_jmethodID*)+0x18
V  [libjvm.so+0x617a13]  jvmti_IsMethodSynthetic+0x1f3
C  [libjdwp.so+0x26a09]  Agent_OnLoad+0x16f49
C  [libjdwp.so+0x7548]  getenv+0x7548
C  [libjdwp.so+0x115d8]  Agent_OnLoad+0x1b18
C  [libjdwp.so+0x236e5]  Agent_OnLoad+0x13c25
V  [libjvm.so+0x680eeb]  JvmtiAgentThread::start_function_wrapper(JavaThread*, Thread*)+0x9b
V  [libjvm.so+0x8cf7c0]  JavaThread::thread_main_inner()+0xf0
V  [libjvm.so+0x8cfa31]  JavaThread::run()+0x221
V  [libjvm.so+0x7974e2]  java_start(Thread*)+0xf2


---------------  P R O C E S S  ---------------

Java Threads: ( => current thread )
  0x00007f4e540b6800 JavaThread "Service Thread" daemon [_thread_blocked, id=13745, stack(0x00007f4e4eaf2000,0x00007f4e4ebf3000)]
  0x00007f4e540b4800 JavaThread "C2 CompilerThread1" daemon [_thread_blocked, id=13744, stack(0x00007f4e4ebf3000,0x00007f4e4ecf4000)]
  0x00007f4e540b1800 JavaThread "C2 CompilerThread0" daemon [_thread_blocked, id=13743, stack(0x00007f4e4ecf4000,0x00007f4e4edf5000)]
  0x00007f4e34001000 JavaThread "JDWP Command Reader" daemon [_thread_in_native, id=13740, stack(0x00007f4e4edf5000,0x00007f4e4eef6000)]
  0x00007f4e540af000 JavaThread "JDWP Event Helper Thread" daemon [_thread_blocked, id=13738, stack(0x00007f4e4eef6000,0x00007f4e4eff7000)]
=>0x00007f4e540ab800 JavaThread "JDWP Transport Listener: dt_socket" daemon [_thread_in_vm, id=13736, stack(0x00007f4e4eff7000,0x00007f4e4f0f8000)]
  0x00007f4e5409e000 JavaThread "Signal Dispatcher" daemon [_thread_blocked, id=13734, stack(0x00007f4e4f2fd000,0x00007f4e4f3fe000)]
  0x00007f4e5407b800 JavaThread "Finalizer" daemon [_thread_blocked, id=13732, stack(0x00007f4e4f3fe000,0x00007f4e4f4ff000)]
  0x00007f4e54079800 JavaThread "Reference Handler" daemon [_thread_blocked, id=13731, stack(0x00007f4e4f4ff000,0x00007f4e4f600000)]
  0x00007f4e5400e800 JavaThread "main" [_thread_blocked, id=13726, stack(0x00007f4e5d47d000,0x00007f4e5d57e000)]

Other Threads:
  0x00007f4e54075800 VMThread [stack: 0x00007f4e580d8000,0x00007f4e581d9000] [id=13730]
  0x00007f4e540c1800 WatcherThread [stack: 0x00007f4e4e9f1000,0x00007f4e4eaf2000] [id=13746]

VM state:not at safepoint (normal execution)

VM Mutex/Monitor currently owned by a thread: None

Heap
 PSYoungGen      total 11776K, used 2436K [0x00000000f2200000, 0x00000000f2f00000, 0x0000000100000000)
  eden space 10240K, 8% used [0x00000000f2200000,0x00000000f22e5098,0x00000000f2c00000)
  from space 1536K, 98% used [0x00000000f2c00000,0x00000000f2d7c030,0x00000000f2d80000)
  to   space 1536K, 0% used [0x00000000f2d80000,0x00000000f2d80000,0x00000000f2f00000)
 ParOldGen       total 25600K, used 554K [0x00000000d6600000, 0x00000000d7f00000, 0x00000000f2200000)
  object space 25600K, 2% used [0x00000000d6600000,0x00000000d668aa30,0x00000000d7f00000)
 PSPermGen       total 21504K, used 5409K [0x00000000cc000000, 0x00000000cd500000, 0x00000000d6600000)
  object space 21504K, 25% used [0x00000000cc000000,0x00000000cc5485e8,0x00000000cd500000)

Card table byte_map: [0x00007f4e59308000,0x00007f4e594a9000] byte_map_base: 0x00007f4e58ca8000

Polling page: 0x00007f4e5d597000

Code Cache  [0x00007f4e51000000, 0x00007f4e51270000, 0x00007f4e54000000)
 total_blobs=258 nmethods=53 adapters=166 free_code_cache=48641Kb largest_free_block=49775040

Compilation events (10 events):
Event: 2,147 Thread 0x00007f4e540b4800   49             java.lang.Integer::intValue (5 bytes)
Event: 2,147 Thread 0x00007f4e540b4800 nmethod 49 0x00007f4e5107b510 code [0x00007f4e5107b640, 0x00007f4e5107b698]
Event: 2,172 Thread 0x00007f4e540b4800   50             java.lang.Integer::valueOf (54 bytes)
Event: 2,172 Thread 0x00007f4e540b1800   51             org.jsoup.nodes.Node::nextSibling (62 bytes)
Event: 2,173 Thread 0x00007f4e540b4800 nmethod 50 0x00007f4e5107dd10 code [0x00007f4e5107de60, 0x00007f4e5107df68]
Event: 2,173 Thread 0x00007f4e540b4800   52             org.jsoup.nodes.Node::siblingIndex (5 bytes)
Event: 2,173 Thread 0x00007f4e540b4800 nmethod 52 0x00007f4e5107db10 code [0x00007f4e5107dc40, 0x00007f4e5107dc98]
Event: 2,174 Thread 0x00007f4e540b4800   53             org.jsoup.select.NodeTraversor::traverse (99 bytes)
Event: 2,175 Thread 0x00007f4e540b1800 nmethod 51 0x00007f4e5107d250 code [0x00007f4e5107d3e0, 0x00007f4e5107d768]
Event: 2,202 Thread 0x00007f4e540b4800 nmethod 53 0x00007f4e51084e10 code [0x00007f4e51085120, 0x00007f4e51086760]

GC Heap History (2 events):
Event: 2,161 GC heap before
{Heap before GC invocations=1 (full 0):
 PSYoungGen      total 11776K, used 10240K [0x00000000f2200000, 0x00000000f2f00000, 0x0000000100000000)
  eden space 10240K, 100% used [0x00000000f2200000,0x00000000f2c00000,0x00000000f2c00000)
  from space 1536K, 0% used [0x00000000f2d80000,0x00000000f2d80000,0x00000000f2f00000)
  to   space 1536K, 0% used [0x00000000f2c00000,0x00000000f2c00000,0x00000000f2d80000)
 ParOldGen       total 25600K, used 0K [0x00000000d6600000, 0x00000000d7f00000, 0x00000000f2200000)
  object space 25600K, 0% used [0x00000000d6600000,0x00000000d6600000,0x00000000d7f00000)
 PSPermGen       total 21504K, used 5263K [0x00000000cc000000, 0x00000000cd500000, 0x00000000d6600000)
  object space 21504K, 24% used [0x00000000cc000000,0x00000000cc523ea0,0x00000000cd500000)
Event: 2,165 GC heap after
Heap after GC invocations=1 (full 0):
 PSYoungGen      total 11776K, used 1520K [0x00000000f2200000, 0x00000000f2f00000, 0x0000000100000000)
  eden space 10240K, 0% used [0x00000000f2200000,0x00000000f2200000,0x00000000f2c00000)
  from space 1536K, 98% used [0x00000000f2c00000,0x00000000f2d7c030,0x00000000f2d80000)
  to   space 1536K, 0% used [0x00000000f2d80000,0x00000000f2d80000,0x00000000f2f00000)
 ParOldGen       total 25600K, used 554K [0x00000000d6600000, 0x00000000d7f00000, 0x00000000f2200000)
  object space 25600K, 2% used [0x00000000d6600000,0x00000000d668aa30,0x00000000d7f00000)
 PSPermGen       total 21504K, used 5263K [0x00000000cc000000, 0x00000000cd500000, 0x00000000d6600000)
  object space 21504K, 24% used [0x00000000cc000000,0x00000000cc523ea0,0x00000000cd500000)
}

Deoptimization events (4 events):
Event: 1,946 Thread 0x00007f4e5400e800 Uncommon trap: reason=class_check action=maybe_recompile pc=0x00007f4e51069b78 method=java.util.Properties$LineReader.readLine()I @ 62
Event: 1,946 Thread 0x00007f4e5400e800 Uncommon trap: reason=class_check action=maybe_recompile pc=0x00007f4e51069b78 method=java.util.Properties$LineReader.readLine()I @ 62
Event: 1,948 Thread 0x00007f4e5400e800 Uncommon trap: reason=class_check action=maybe_recompile pc=0x00007f4e51069b78 method=java.util.Properties$LineReader.readLine()I @ 62
Event: 1,950 Thread 0x00007f4e5400e800 Uncommon trap: reason=class_check action=maybe_recompile pc=0x00007f4e51069b78 method=java.util.Properties$LineReader.readLine()I @ 62

Internal exceptions (10 events):
Event: 2,152 Thread 0x00007f4e5400e800 Threw 0x00000000f2ba9718 at /build/buildd/openjdk-7-7u55-2.4.7/build/openjdk/hotspot/src/share/vm/prims/jvm.cpp:1244
Event: 2,153 Thread 0x00007f4e5400e800 Threw 0x00000000f2badbb8 at /build/buildd/openjdk-7-7u55-2.4.7/build/openjdk/hotspot/src/share/vm/prims/jvm.cpp:1244
Event: 2,156 Thread 0x00007f4e5400e800 Threw 0x00000000f2bbc100 at /build/buildd/openjdk-7-7u55-2.4.7/build/openjdk/hotspot/src/share/vm/prims/jvm.cpp:1244
Event: 2,166 Thread 0x00007f4e5400e800 Threw 0x00000000f220dbb0 at /build/buildd/openjdk-7-7u55-2.4.7/build/openjdk/hotspot/src/share/vm/classfile/systemDictionary.cpp:185
Event: 2,167 Thread 0x00007f4e5400e800 Threw 0x00000000f220e920 at /build/buildd/openjdk-7-7u55-2.4.7/build/openjdk/hotspot/src/share/vm/prims/jvm.cpp:1244
Event: 2,167 Thread 0x00007f4e5400e800 Threw 0x00000000f2212dc0 at /build/buildd/openjdk-7-7u55-2.4.7/build/openjdk/hotspot/src/share/vm/prims/jvm.cpp:1244
Event: 2,167 Thread 0x00007f4e5400e800 Threw 0x00000000f2213a50 at /build/buildd/openjdk-7-7u55-2.4.7/build/openjdk/hotspot/src/share/vm/classfile/systemDictionary.cpp:185
Event: 2,168 Thread 0x00007f4e5400e800 Threw 0x00000000f22147c0 at /build/buildd/openjdk-7-7u55-2.4.7/build/openjdk/hotspot/src/share/vm/prims/jvm.cpp:1244
Event: 2,168 Thread 0x00007f4e5400e800 Threw 0x00000000f2218c60 at /build/buildd/openjdk-7-7u55-2.4.7/build/openjdk/hotspot/src/share/vm/prims/jvm.cpp:1244
Event: 2,187 Thread 0x00007f4e5400e800 Threw 0x00000000f229d970 at /build/buildd/openjdk-7-7u55-2.4.7/build/openjdk/hotspot/src/share/vm/prims/jvm.cpp:1244

Events (10 events):
Event: 684,115 Executing VM operation: RedefineClasses
Event: 684,115 Executing VM operation: RedefineClasses done
Event: 723,568 Executing VM operation: RedefineClasses
Event: 723,569 Executing VM operation: RedefineClasses done
Event: 734,382 Executing VM operation: RedefineClasses
Event: 734,383 Executing VM operation: RedefineClasses done
Event: 800,698 Executing VM operation: RedefineClasses
Event: 800,699 Executing VM operation: RedefineClasses done
Event: 878,553 Executing VM operation: RedefineClasses
Event: 878,553 Executing VM operation: RedefineClasses done


Dynamic libraries:
00400000-00401000 r-xp 00000000 08:01 270145                             /usr/lib/jvm/java-7-openjdk-amd64/jre/bin/java
00600000-00601000 r--p 00000000 08:01 270145                             /usr/lib/jvm/java-7-openjdk-amd64/jre/bin/java
00601000-00602000 rw-p 00001000 08:01 270145                             /usr/lib/jvm/java-7-openjdk-amd64/jre/bin/java
016dc000-016fd000 rw-p 00000000 00:00 0                                  [heap]
cc000000-cd500000 rw-p 00000000 00:00 0 
cd500000-d6600000 rw-p 00000000 00:00 0 
d6600000-d7f00000 rw-p 00000000 00:00 0 
d7f00000-f2200000 rw-p 00000000 00:00 0 
f2200000-f2f00000 rw-p 00000000 00:00 0 
f2f00000-100000000 rw-p 00000000 00:00 0 
7f4e18000000-7f4e18254000 rw-p 00000000 00:00 0 
7f4e18254000-7f4e1c000000 ---p 00000000 00:00 0 
7f4e1c000000-7f4e1c021000 rw-p 00000000 00:00 0 
7f4e1c021000-7f4e20000000 ---p 00000000 00:00 0 
7f4e20000000-7f4e202ac000 rw-p 00000000 00:00 0 
7f4e202ac000-7f4e24000000 ---p 00000000 00:00 0 
7f4e24000000-7f4e24021000 rw-p 00000000 00:00 0 
7f4e24021000-7f4e28000000 ---p 00000000 00:00 0 
7f4e28000000-7f4e28021000 rw-p 00000000 00:00 0 
7f4e28021000-7f4e2c000000 ---p 00000000 00:00 0 
7f4e2c000000-7f4e2c021000 rw-p 00000000 00:00 0 
7f4e2c021000-7f4e30000000 ---p 00000000 00:00 0 
7f4e30000000-7f4e30021000 rw-p 00000000 00:00 0 
7f4e30021000-7f4e34000000 ---p 00000000 00:00 0 
7f4e34000000-7f4e3403c000 rw-p 00000000 00:00 0 
7f4e3403c000-7f4e38000000 ---p 00000000 00:00 0 
7f4e38000000-7f4e38021000 rw-p 00000000 00:00 0 
7f4e38021000-7f4e3c000000 ---p 00000000 00:00 0 
7f4e3c000000-7f4e3c021000 rw-p 00000000 00:00 0 
7f4e3c021000-7f4e40000000 ---p 00000000 00:00 0 
7f4e40000000-7f4e40021000 rw-p 00000000 00:00 0 
7f4e40021000-7f4e44000000 ---p 00000000 00:00 0 
7f4e44000000-7f4e44021000 rw-p 00000000 00:00 0 
7f4e44021000-7f4e48000000 ---p 00000000 00:00 0 
7f4e48000000-7f4e48021000 rw-p 00000000 00:00 0 
7f4e48021000-7f4e4c000000 ---p 00000000 00:00 0 
7f4e4ce46000-7f4e4d07c000 rw-p 00000000 00:00 0 
7f4e4d07c000-7f4e4d081000 r-xp 00000000 08:01 921715                     /lib/x86_64-linux-gnu/libnss_dns-2.19.so
7f4e4d081000-7f4e4d280000 ---p 00005000 08:01 921715                     /lib/x86_64-linux-gnu/libnss_dns-2.19.so
7f4e4d280000-7f4e4d281000 r--p 00004000 08:01 921715                     /lib/x86_64-linux-gnu/libnss_dns-2.19.so
7f4e4d281000-7f4e4d282000 rw-p 00005000 08:01 921715                     /lib/x86_64-linux-gnu/libnss_dns-2.19.so
7f4e4d282000-7f4e4d284000 r-xp 00000000 08:01 921723                     /lib/x86_64-linux-gnu/libnss_mdns4_minimal.so.2
7f4e4d284000-7f4e4d483000 ---p 00002000 08:01 921723                     /lib/x86_64-linux-gnu/libnss_mdns4_minimal.so.2
7f4e4d483000-7f4e4d484000 r--p 00001000 08:01 921723                     /lib/x86_64-linux-gnu/libnss_mdns4_minimal.so.2
7f4e4d484000-7f4e4d485000 rw-p 00002000 08:01 921723                     /lib/x86_64-linux-gnu/libnss_mdns4_minimal.so.2
7f4e4d485000-7f4e4d4c2000 r-xp 00000000 08:01 921745                     /lib/x86_64-linux-gnu/libpcre.so.3.13.1
7f4e4d4c2000-7f4e4d6c1000 ---p 0003d000 08:01 921745                     /lib/x86_64-linux-gnu/libpcre.so.3.13.1
7f4e4d6c1000-7f4e4d6c2000 r--p 0003c000 08:01 921745                     /lib/x86_64-linux-gnu/libpcre.so.3.13.1
7f4e4d6c2000-7f4e4d6c3000 rw-p 0003d000 08:01 921745                     /lib/x86_64-linux-gnu/libpcre.so.3.13.1
7f4e4d6c3000-7f4e4d6ca000 r-xp 00000000 08:01 272141                     /usr/lib/x86_64-linux-gnu/libffi.so.6.0.1
7f4e4d6ca000-7f4e4d8c9000 ---p 00007000 08:01 272141                     /usr/lib/x86_64-linux-gnu/libffi.so.6.0.1
7f4e4d8c9000-7f4e4d8ca000 r--p 00006000 08:01 272141                     /usr/lib/x86_64-linux-gnu/libffi.so.6.0.1
7f4e4d8ca000-7f4e4d8cb000 rw-p 00007000 08:01 272141                     /usr/lib/x86_64-linux-gnu/libffi.so.6.0.1
7f4e4d8cb000-7f4e4d8e2000 r-xp 00000000 08:01 921768                     /lib/x86_64-linux-gnu/libresolv-2.19.so
7f4e4d8e2000-7f4e4dae2000 ---p 00017000 08:01 921768                     /lib/x86_64-linux-gnu/libresolv-2.19.so
7f4e4dae2000-7f4e4dae3000 r--p 00017000 08:01 921768                     /lib/x86_64-linux-gnu/libresolv-2.19.so
7f4e4dae3000-7f4e4dae4000 rw-p 00018000 08:01 921768                     /lib/x86_64-linux-gnu/libresolv-2.19.so
7f4e4dae4000-7f4e4dae6000 rw-p 00000000 00:00 0 
7f4e4dae6000-7f4e4db06000 r-xp 00000000 08:01 921772                     /lib/x86_64-linux-gnu/libselinux.so.1
7f4e4db06000-7f4e4dd05000 ---p 00020000 08:01 921772                     /lib/x86_64-linux-gnu/libselinux.so.1
7f4e4dd05000-7f4e4dd06000 r--p 0001f000 08:01 921772                     /lib/x86_64-linux-gnu/libselinux.so.1
7f4e4dd06000-7f4e4dd07000 rw-p 00020000 08:01 921772                     /lib/x86_64-linux-gnu/libselinux.so.1
7f4e4dd07000-7f4e4dd09000 rw-p 00000000 00:00 0 
7f4e4dd09000-7f4e4dd0c000 r-xp 00000000 08:01 272258                     /usr/lib/x86_64-linux-gnu/libgmodule-2.0.so.0.4000.0
7f4e4dd0c000-7f4e4df0b000 ---p 00003000 08:01 272258                     /usr/lib/x86_64-linux-gnu/libgmodule-2.0.so.0.4000.0
7f4e4df0b000-7f4e4df0c000 r--p 00002000 08:01 272258                     /usr/lib/x86_64-linux-gnu/libgmodule-2.0.so.0.4000.0
7f4e4df0c000-7f4e4df0d000 rw-p 00003000 08:01 272258                     /usr/lib/x86_64-linux-gnu/libgmodule-2.0.so.0.4000.0
7f4e4df0d000-7f4e4e013000 r-xp 00000000 08:01 921673                     /lib/x86_64-linux-gnu/libglib-2.0.so.0.4000.0
7f4e4e013000-7f4e4e212000 ---p 00106000 08:01 921673                     /lib/x86_64-linux-gnu/libglib-2.0.so.0.4000.0
7f4e4e212000-7f4e4e213000 r--p 00105000 08:01 921673                     /lib/x86_64-linux-gnu/libglib-2.0.so.0.4000.0
7f4e4e213000-7f4e4e214000 rw-p 00106000 08:01 921673                     /lib/x86_64-linux-gnu/libglib-2.0.so.0.4000.0
7f4e4e214000-7f4e4e215000 rw-p 00000000 00:00 0 
7f4e4e215000-7f4e4e264000 r-xp 00000000 08:01 272274                     /usr/lib/x86_64-linux-gnu/libgobject-2.0.so.0.4000.0
7f4e4e264000-7f4e4e464000 ---p 0004f000 08:01 272274                     /usr/lib/x86_64-linux-gnu/libgobject-2.0.so.0.4000.0
7f4e4e464000-7f4e4e465000 r--p 0004f000 08:01 272274                     /usr/lib/x86_64-linux-gnu/libgobject-2.0.so.0.4000.0
7f4e4e465000-7f4e4e466000 rw-p 00050000 08:01 272274                     /usr/lib/x86_64-linux-gnu/libgobject-2.0.so.0.4000.0
7f4e4e466000-7f4e4e5d1000 r-xp 00000000 08:01 272244                     /usr/lib/x86_64-linux-gnu/libgio-2.0.so.0.4000.0
7f4e4e5d1000-7f4e4e7d1000 ---p 0016b000 08:01 272244                     /usr/lib/x86_64-linux-gnu/libgio-2.0.so.0.4000.0
7f4e4e7d1000-7f4e4e7d5000 r--p 0016b000 08:01 272244                     /usr/lib/x86_64-linux-gnu/libgio-2.0.so.0.4000.0
7f4e4e7d5000-7f4e4e7d7000 rw-p 0016f000 08:01 272244                     /usr/lib/x86_64-linux-gnu/libgio-2.0.so.0.4000.0
7f4e4e7d7000-7f4e4e7d9000 rw-p 00000000 00:00 0 
7f4e4e7d9000-7f4e4e7ef000 r-xp 00000000 08:01 270206                     /usr/lib/jvm/java-7-openjdk-amd64/jre/lib/amd64/libnet.so
7f4e4e7ef000-7f4e4e9ef000 ---p 00016000 08:01 270206                     /usr/lib/jvm/java-7-openjdk-amd64/jre/lib/amd64/libnet.so
7f4e4e9ef000-7f4e4e9f0000 r--p 00016000 08:01 270206                     /usr/lib/jvm/java-7-openjdk-amd64/jre/lib/amd64/libnet.so
7f4e4e9f0000-7f4e4e9f1000 rw-p 00017000 08:01 270206                     /usr/lib/jvm/java-7-openjdk-amd64/jre/lib/amd64/libnet.so
7f4e4e9f1000-7f4e4e9f2000 ---p 00000000 00:00 0 
7f4e4e9f2000-7f4e4eaf2000 rw-p 00000000 00:00 0                          [stack:13746]
7f4e4eaf2000-7f4e4eaf5000 ---p 00000000 00:00 0 
7f4e4eaf5000-7f4e4ebf3000 rw-p 00000000 00:00 0                          [stack:13745]
7f4e4ebf3000-7f4e4ebf6000 ---p 00000000 00:00 0 
7f4e4ebf6000-7f4e4ecf4000 rw-p 00000000 00:00 0                          [stack:13744]
7f4e4ecf4000-7f4e4ecf7000 ---p 00000000 00:00 0 
7f4e4ecf7000-7f4e4edf5000 rw-p 00000000 00:00 0                          [stack:13743]
7f4e4edf5000-7f4e4edf8000 ---p 00000000 00:00 0 
7f4e4edf8000-7f4e4eef6000 rw-p 00000000 00:00 0                          [stack:13740]
7f4e4eef6000-7f4e4eef9000 ---p 00000000 00:00 0 
7f4e4eef9000-7f4e4eff7000 rw-p 00000000 00:00 0                          [stack:13738]
7f4e4eff7000-7f4e4effa000 ---p 00000000 00:00 0 
7f4e4effa000-7f4e4f0f8000 rw-p 00000000 00:00 0                          [stack:13736]
7f4e4f0f8000-7f4e4f0fc000 r-xp 00000000 08:01 270202                     /usr/lib/jvm/java-7-openjdk-amd64/jre/lib/amd64/libdt_socket.so
7f4e4f0fc000-7f4e4f2fb000 ---p 00004000 08:01 270202                     /usr/lib/jvm/java-7-openjdk-amd64/jre/lib/amd64/libdt_socket.so
7f4e4f2fb000-7f4e4f2fc000 r--p 00003000 08:01 270202                     /usr/lib/jvm/java-7-openjdk-amd64/jre/lib/amd64/libdt_socket.so
7f4e4f2fc000-7f4e4f2fd000 rw-p 00004000 08:01 270202                     /usr/lib/jvm/java-7-openjdk-amd64/jre/lib/amd64/libdt_socket.so
7f4e4f2fd000-7f4e4f300000 ---p 00000000 00:00 0 
7f4e4f300000-7f4e4f3fe000 rw-p 00000000 00:00 0                          [stack:13734]
7f4e4f3fe000-7f4e4f401000 ---p 00000000 00:00 0 
7f4e4f401000-7f4e4f4ff000 rw-p 00000000 00:00 0                          [stack:13732]
7f4e4f4ff000-7f4e4f502000 ---p 00000000 00:00 0 
7f4e4f502000-7f4e51000000 rw-p 00000000 00:00 0                          [stack:13731]
7f4e51000000-7f4e51270000 rwxp 00000000 00:00 0 
7f4e51270000-7f4e5437f000 rw-p 00000000 00:00 0 
7f4e5437f000-7f4e58000000 ---p 00000000 00:00 0 
7f4e58027000-7f4e58058000 rw-p 00000000 00:00 0 
7f4e5806b000-7f4e5806d000 rw-p 00000000 00:00 0 
7f4e5806d000-7f4e5806e000 r--s 00002000 08:01 2229289                    /home/opengov/.m2/repository/org/slf4j/slf4j-simple/1.7.2/slf4j-simple-1.7.2.jar
7f4e5806e000-7f4e58070000 r--s 00005000 08:01 2101910                    /home/opengov/.m2/repository/org/slf4j/slf4j-api/1.7.2/slf4j-api-1.7.2.jar
7f4e58070000-7f4e58076000 r--s 00042000 08:01 2228962                    /home/opengov/.m2/repository/org/jsoup/jsoup/1.7.2/jsoup-1.7.2.jar
7f4e58076000-7f4e58079000 r--s 0001b000 08:01 2228666                    /home/opengov/.m2/repository/junit/junit/3.8.2/junit-3.8.2.jar
7f4e58079000-7f4e58087000 r--s 0008f000 08:01 2228385                    /home/opengov/.m2/repository/com/google/collections/google-collections/1.0/google-collections-1.0.jar
7f4e58087000-7f4e58088000 r--s 0000a000 08:01 2228363                    /home/opengov/.m2/repository/commons-logging/commons-logging-api/1.1/commons-logging-api-1.1.jar
7f4e58088000-7f4e5808f000 r--s 00051000 08:01 2228362                    /home/opengov/.m2/repository/log4j/log4j/1.2.12/log4j-1.2.12.jar
7f4e5808f000-7f4e58093000 r--s 0001d000 08:01 2102788                    /home/opengov/.m2/repository/org/apache/xbean/xbean-reflect/3.4/xbean-reflect-3.4.jar
7f4e58093000-7f4e58095000 r--s 0000a000 08:01 2102787                    /home/opengov/.m2/repository/org/codehaus/plexus/plexus-classworlds/2.2.2/plexus-classworlds-2.2.2.jar
7f4e58095000-7f4e5809c000 r--s 0002e000 08:01 2102782                    /home/opengov/.m2/repository/org/codehaus/plexus/plexus-container-default/1.5.5/plexus-container-default-1.5.5.jar
7f4e5809c000-7f4e5809d000 r--s 00004000 08:01 2102781                    /home/opengov/.m2/repository/org/codehaus/plexus/plexus-compiler-javac/2.2/plexus-compiler-javac-2.2.jar
7f4e5809d000-7f4e5809f000 r--s 00000000 08:01 2102780                    /home/opengov/.m2/repository/org/codehaus/plexus/plexus-compiler-manager/2.2/plexus-compiler-manager-2.2.jar
7f4e5809f000-7f4e580a1000 r--s 00005000 08:01 2102779                    /home/opengov/.m2/repository/org/codehaus/plexus/plexus-compiler-api/2.2/plexus-compiler-api-2.2.jar
7f4e580a1000-7f4e580a3000 r--s 00000000 08:01 2100429                    /home/opengov/.m2/repository/org/codehaus/plexus/plexus-component-annotations/1.5.5/plexus-component-annotations-1.5.5.jar
7f4e580a3000-7f4e580a5000 r--s 00002000 08:01 2102778                    /home/opengov/.m2/repository/org/apache/maven/shared/maven-shared-incremental/1.1/maven-shared-incremental-1.1.jar
7f4e580a5000-7f4e580a7000 r--s 00006000 08:01 2102773                    /home/opengov/.m2/repository/com/google/code/findbugs/jsr305/2.0.1/jsr305-2.0.1.jar
7f4e580a7000-7f4e580aa000 r--s 00023000 08:01 2102772                    /home/opengov/.m2/repository/org/apache/maven/shared/maven-shared-utils/0.1/maven-shared-utils-0.1.jar
7f4e580aa000-7f4e580ac000 r--s 00007000 08:01 2102771                    /home/opengov/.m2/repository/org/apache/maven/maven-toolchain/1.0/maven-toolchain-1.0.jar
7f4e580ac000-7f4e580ad000 r--s 00002000 08:01 2102770                    /home/opengov/.m2/repository/org/apache/maven/maven-monitor/2.0.9/maven-monitor-2.0.9.jar
7f4e580ad000-7f4e580af000 r--s 0000d000 08:01 2102766                    /home/opengov/.m2/repository/org/apache/maven/maven-artifact-manager/2.0.9/maven-artifact-manager-2.0.9.jar
7f4e580af000-7f4e580b1000 r--s 00008000 08:01 2102765                    /home/opengov/.m2/repository/org/apache/maven/maven-plugin-descriptor/2.0.9/maven-plugin-descriptor-2.0.9.jar
7f4e580b1000-7f4e580b3000 r--s 00006000 08:01 2102763                    /home/opengov/.m2/repository/org/apache/maven/maven-plugin-registry/2.0.9/maven-plugin-registry-2.0.9.jar
7f4e580b3000-7f4e580b6000 r--s 0001b000 08:01 2102762                    /home/opengov/.m2/repository/org/apache/maven/maven-project/2.0.9/maven-project-2.0.9.jar
7f4e580b6000-7f4e580b8000 r--s 00002000 08:01 2102761                    /home/opengov/.m2/repository/org/apache/maven/maven-error-diagnostics/2.0.9/maven-error-diagnostics-2.0.9.jar
7f4e580b8000-7f4e580b9000 r--s 00005000 08:01 2102759                    /home/opengov/.m2/repository/org/apache/maven/maven-repository-metadata/2.0.9/maven-repository-metadata-2.0.9.jar
7f4e580b9000-7f4e580bb000 r--s 0000a000 08:01 2102758                    /home/opengov/.m2/repository/org/apache/maven/wagon/wagon-provider-api/1.0-beta-2/wagon-provider-api-1.0-beta-2.jar
7f4e580bb000-7f4e580bd000 r--s 00014000 08:01 2102756                    /home/opengov/.m2/repository/org/apache/maven/maven-model/2.0.9/maven-model-2.0.9.jar
7f4e580bd000-7f4e580bf000 r--s 00007000 08:01 2102755                    /home/opengov/.m2/repository/org/apache/maven/maven-profile/2.0.9/maven-profile-2.0.9.jar
7f4e580bf000-7f4e580c1000 r--s 00008000 08:01 2099647                    /home/opengov/.m2/repository/commons-logging/commons-logging/1.0.4/commons-logging-1.0.4.jar
7f4e580c1000-7f4e580c4000 r--s 00023000 08:01 2100432                    /home/opengov/.m2/repository/jdom/jdom/1.0/jdom-1.0.jar
7f4e580c4000-7f4e580c9000 r--s 00033000 08:01 2102751                    /home/opengov/.m2/repository/commons-httpclient/commons-httpclient/2.0.2/commons-httpclient-2.0.2.jar
7f4e580c9000-7f4e580cd000 r--s 00027000 08:01 2102750                    /home/opengov/.m2/repository/slide/slide-webdavlib/2.1/slide-webdavlib-2.1.jar
7f4e580cd000-7f4e580cf000 r--s 00003000 08:01 2102749                    /home/opengov/.m2/repository/org/apache/maven/wagon/wagon-webdav/1.0-beta-2/wagon-webdav-1.0-beta-2.jar
7f4e580cf000-7f4e580d1000 r--s 00004000 08:01 2102747                    /home/opengov/.m2/repository/org/apache/maven/maven-plugin-parameter-documenter/2.0.9/maven-plugin-parameter-documenter-2.0.9.jar
7f4e580d1000-7f4e580d4000 r--s 00024000 08:01 2102744                    /home/opengov/.m2/repository/org/apache/maven/maven-core/2.0.9/maven-core-2.0.9.jar
7f4e580d4000-7f4e580d8000 r--s 00030000 08:01 2102743                    /home/opengov/.m2/repository/org/codehaus/plexus/plexus-utils/1.5.1/plexus-utils-1.5.1.jar
7f4e580d8000-7f4e580d9000 ---p 00000000 00:00 0 
7f4e580d9000-7f4e58b8e000 rw-p 00000000 00:00 0                          [stack:13730]
7f4e58b8e000-7f4e58d3c000 r--s 01cfc000 08:01 270153                     /usr/lib/jvm/java-7-openjdk-amd64/jre/lib/rt.jar
7f4e58d3c000-7f4e58fd5000 rw-p 00000000 00:00 0 
7f4e58fd5000-7f4e58fd6000 ---p 00000000 00:00 0 
7f4e58fd6000-7f4e590d6000 rw-p 00000000 00:00 0                          [stack:13728]
7f4e590d6000-7f4e590d7000 ---p 00000000 00:00 0 
7f4e590d7000-7f4e591e2000 rw-p 00000000 00:00 0                          [stack:13727]
7f4e591e2000-7f4e5922a000 rw-p 00000000 00:00 0 
7f4e5922a000-7f4e59237000 rw-p 00000000 00:00 0 
7f4e59237000-7f4e59308000 rw-p 00000000 00:00 0 
7f4e59308000-7f4e59313000 rw-p 00000000 00:00 0 
7f4e59313000-7f4e5935b000 rw-p 00000000 00:00 0 
7f4e5935b000-7f4e59368000 rw-p 00000000 00:00 0 
7f4e59368000-7f4e59439000 rw-p 00000000 00:00 0 
7f4e59439000-7f4e59440000 rw-p 00000000 00:00 0 
7f4e59440000-7f4e594a8000 rw-p 00000000 00:00 0 
7f4e594a8000-7f4e594a9000 rw-p 00000000 00:00 0 
7f4e594a9000-7f4e594b1000 r-xp 00000000 08:01 270201                     /usr/lib/jvm/java-7-openjdk-amd64/jre/lib/amd64/libzip.so
7f4e594b1000-7f4e596b0000 ---p 00008000 08:01 270201                     /usr/lib/jvm/java-7-openjdk-amd64/jre/lib/amd64/libzip.so
7f4e596b0000-7f4e596b1000 r--p 00007000 08:01 270201                     /usr/lib/jvm/java-7-openjdk-amd64/jre/lib/amd64/libzip.so
7f4e596b1000-7f4e596b2000 rw-p 00008000 08:01 270201                     /usr/lib/jvm/java-7-openjdk-amd64/jre/lib/amd64/libzip.so
7f4e596b2000-7f4e596bd000 r-xp 00000000 08:01 921717                     /lib/x86_64-linux-gnu/libnss_files-2.19.so
7f4e596bd000-7f4e598bc000 ---p 0000b000 08:01 921717                     /lib/x86_64-linux-gnu/libnss_files-2.19.so
7f4e598bc000-7f4e598bd000 r--p 0000a000 08:01 921717                     /lib/x86_64-linux-gnu/libnss_files-2.19.so
7f4e598bd000-7f4e598be000 rw-p 0000b000 08:01 921717                     /lib/x86_64-linux-gnu/libnss_files-2.19.so
7f4e598be000-7f4e598c9000 r-xp 00000000 08:01 921727                     /lib/x86_64-linux-gnu/libnss_nis-2.19.so
7f4e598c9000-7f4e59ac8000 ---p 0000b000 08:01 921727                     /lib/x86_64-linux-gnu/libnss_nis-2.19.so
7f4e59ac8000-7f4e59ac9000 r--p 0000a000 08:01 921727                     /lib/x86_64-linux-gnu/libnss_nis-2.19.so
7f4e59ac9000-7f4e59aca000 rw-p 0000b000 08:01 921727                     /lib/x86_64-linux-gnu/libnss_nis-2.19.so
7f4e59aca000-7f4e59ae1000 r-xp 00000000 08:01 921711                     /lib/x86_64-linux-gnu/libnsl-2.19.so
7f4e59ae1000-7f4e59ce0000 ---p 00017000 08:01 921711                     /lib/x86_64-linux-gnu/libnsl-2.19.so
7f4e59ce0000-7f4e59ce1000 r--p 00016000 08:01 921711                     /lib/x86_64-linux-gnu/libnsl-2.19.so
7f4e59ce1000-7f4e59ce2000 rw-p 00017000 08:01 921711                     /lib/x86_64-linux-gnu/libnsl-2.19.so
7f4e59ce2000-7f4e59ce4000 rw-p 00000000 00:00 0 
7f4e59ce4000-7f4e59ced000 r-xp 00000000 08:01 921713                     /lib/x86_64-linux-gnu/libnss_compat-2.19.so
7f4e59ced000-7f4e59eec000 ---p 00009000 08:01 921713                     /lib/x86_64-linux-gnu/libnss_compat-2.19.so
7f4e59eec000-7f4e59eed000 r--p 00008000 08:01 921713                     /lib/x86_64-linux-gnu/libnss_compat-2.19.so
7f4e59eed000-7f4e59eee000 rw-p 00009000 08:01 921713                     /lib/x86_64-linux-gnu/libnss_compat-2.19.so
7f4e59eee000-7f4e5a701000 r--p 00000000 08:01 270354                     /usr/lib/locale/locale-archive
7f4e5a701000-7f4e5a704000 r-xp 00000000 08:01 270234                     /usr/lib/jvm/java-7-openjdk-amd64/jre/lib/amd64/libnpt.so
7f4e5a704000-7f4e5a903000 ---p 00003000 08:01 270234                     /usr/lib/jvm/java-7-openjdk-amd64/jre/lib/amd64/libnpt.so
7f4e5a903000-7f4e5a904000 r--p 00002000 08:01 270234                     /usr/lib/jvm/java-7-openjdk-amd64/jre/lib/amd64/libnpt.so
7f4e5a904000-7f4e5a905000 rw-p 00003000 08:01 270234                     /usr/lib/jvm/java-7-openjdk-amd64/jre/lib/amd64/libnpt.so
7f4e5a905000-7f4e5a93f000 r-xp 00000000 08:01 270217                     /usr/lib/jvm/java-7-openjdk-amd64/jre/lib/amd64/libjdwp.so
7f4e5a93f000-7f4e5ab3e000 ---p 0003a000 08:01 270217                     /usr/lib/jvm/java-7-openjdk-amd64/jre/lib/amd64/libjdwp.so
7f4e5ab3e000-7f4e5ab3f000 r--p 00039000 08:01 270217                     /usr/lib/jvm/java-7-openjdk-amd64/jre/lib/amd64/libjdwp.so
7f4e5ab3f000-7f4e5ab40000 rw-p 0003a000 08:01 270217                     /usr/lib/jvm/java-7-openjdk-amd64/jre/lib/amd64/libjdwp.so
7f4e5ab40000-7f4e5ab6b000 r-xp 00000000 08:01 270197                     /usr/lib/jvm/java-7-openjdk-amd64/jre/lib/amd64/libjava.so
7f4e5ab6b000-7f4e5ad6a000 ---p 0002b000 08:01 270197                     /usr/lib/jvm/java-7-openjdk-amd64/jre/lib/amd64/libjava.so
7f4e5ad6a000-7f4e5ad6b000 r--p 0002a000 08:01 270197                     /usr/lib/jvm/java-7-openjdk-amd64/jre/lib/amd64/libjava.so
7f4e5ad6b000-7f4e5ad6d000 rw-p 0002b000 08:01 270197                     /usr/lib/jvm/java-7-openjdk-amd64/jre/lib/amd64/libjava.so
7f4e5ad6d000-7f4e5ad7d000 r-xp 00000000 08:01 270233                     /usr/lib/jvm/java-7-openjdk-amd64/jre/lib/amd64/libverify.so
7f4e5ad7d000-7f4e5af7c000 ---p 00010000 08:01 270233                     /usr/lib/jvm/java-7-openjdk-amd64/jre/lib/amd64/libverify.so
7f4e5af7c000-7f4e5af7e000 r--p 0000f000 08:01 270233                     /usr/lib/jvm/java-7-openjdk-amd64/jre/lib/amd64/libverify.so
7f4e5af7e000-7f4e5af7f000 rw-p 00011000 08:01 270233                     /usr/lib/jvm/java-7-openjdk-amd64/jre/lib/amd64/libverify.so
7f4e5af7f000-7f4e5af86000 r-xp 00000000 08:01 921770                     /lib/x86_64-linux-gnu/librt-2.19.so
7f4e5af86000-7f4e5b185000 ---p 00007000 08:01 921770                     /lib/x86_64-linux-gnu/librt-2.19.so
7f4e5b185000-7f4e5b186000 r--p 00006000 08:01 921770                     /lib/x86_64-linux-gnu/librt-2.19.so
7f4e5b186000-7f4e5b187000 rw-p 00007000 08:01 921770                     /lib/x86_64-linux-gnu/librt-2.19.so
7f4e5b187000-7f4e5b19d000 r-xp 00000000 08:01 921669                     /lib/x86_64-linux-gnu/libgcc_s.so.1
7f4e5b19d000-7f4e5b39c000 ---p 00016000 08:01 921669                     /lib/x86_64-linux-gnu/libgcc_s.so.1
7f4e5b39c000-7f4e5b39d000 rw-p 00015000 08:01 921669                     /lib/x86_64-linux-gnu/libgcc_s.so.1
7f4e5b39d000-7f4e5b4a2000 r-xp 00000000 08:01 921692                     /lib/x86_64-linux-gnu/libm-2.19.so
7f4e5b4a2000-7f4e5b6a1000 ---p 00105000 08:01 921692                     /lib/x86_64-linux-gnu/libm-2.19.so
7f4e5b6a1000-7f4e5b6a2000 r--p 00104000 08:01 921692                     /lib/x86_64-linux-gnu/libm-2.19.so
7f4e5b6a2000-7f4e5b6a3000 rw-p 00105000 08:01 921692                     /lib/x86_64-linux-gnu/libm-2.19.so
7f4e5b6a3000-7f4e5b789000 r-xp 00000000 08:01 272769                     /usr/lib/x86_64-linux-gnu/libstdc++.so.6.0.19
7f4e5b789000-7f4e5b988000 ---p 000e6000 08:01 272769                     /usr/lib/x86_64-linux-gnu/libstdc++.so.6.0.19
7f4e5b988000-7f4e5b990000 r--p 000e5000 08:01 272769                     /usr/lib/x86_64-linux-gnu/libstdc++.so.6.0.19
7f4e5b990000-7f4e5b992000 rw-p 000ed000 08:01 272769                     /usr/lib/x86_64-linux-gnu/libstdc++.so.6.0.19
7f4e5b992000-7f4e5b9a7000 rw-p 00000000 00:00 0 
7f4e5b9a7000-7f4e5c488000 r-xp 00000000 08:01 270212                     /usr/lib/jvm/java-7-openjdk-amd64/jre/lib/amd64/server/libjvm.so
7f4e5c488000-7f4e5c687000 ---p 00ae1000 08:01 270212                     /usr/lib/jvm/java-7-openjdk-amd64/jre/lib/amd64/server/libjvm.so
7f4e5c687000-7f4e5c719000 r--p 00ae0000 08:01 270212                     /usr/lib/jvm/java-7-openjdk-amd64/jre/lib/amd64/server/libjvm.so
7f4e5c719000-7f4e5c73c000 rw-p 00b72000 08:01 270212                     /usr/lib/jvm/java-7-openjdk-amd64/jre/lib/amd64/server/libjvm.so
7f4e5c73c000-7f4e5c769000 rw-p 00000000 00:00 0 
7f4e5c769000-7f4e5c781000 r-xp 00000000 08:01 921805                     /lib/x86_64-linux-gnu/libz.so.1.2.8
7f4e5c781000-7f4e5c980000 ---p 00018000 08:01 921805                     /lib/x86_64-linux-gnu/libz.so.1.2.8
7f4e5c980000-7f4e5c981000 r--p 00017000 08:01 921805                     /lib/x86_64-linux-gnu/libz.so.1.2.8
7f4e5c981000-7f4e5c982000 rw-p 00018000 08:01 921805                     /lib/x86_64-linux-gnu/libz.so.1.2.8
7f4e5c982000-7f4e5c99b000 r-xp 00000000 08:01 921762                     /lib/x86_64-linux-gnu/libpthread-2.19.so
7f4e5c99b000-7f4e5cb9a000 ---p 00019000 08:01 921762                     /lib/x86_64-linux-gnu/libpthread-2.19.so
7f4e5cb9a000-7f4e5cb9b000 r--p 00018000 08:01 921762                     /lib/x86_64-linux-gnu/libpthread-2.19.so
7f4e5cb9b000-7f4e5cb9c000 rw-p 00019000 08:01 921762                     /lib/x86_64-linux-gnu/libpthread-2.19.so
7f4e5cb9c000-7f4e5cba0000 rw-p 00000000 00:00 0 
7f4e5cba0000-7f4e5cba3000 r-xp 00000000 08:01 921659                     /lib/x86_64-linux-gnu/libdl-2.19.so
7f4e5cba3000-7f4e5cda2000 ---p 00003000 08:01 921659                     /lib/x86_64-linux-gnu/libdl-2.19.so
7f4e5cda2000-7f4e5cda3000 r--p 00002000 08:01 921659                     /lib/x86_64-linux-gnu/libdl-2.19.so
7f4e5cda3000-7f4e5cda4000 rw-p 00003000 08:01 921659                     /lib/x86_64-linux-gnu/libdl-2.19.so
7f4e5cda4000-7f4e5cf60000 r-xp 00000000 08:01 921642                     /lib/x86_64-linux-gnu/libc-2.19.so
7f4e5cf60000-7f4e5d15f000 ---p 001bc000 08:01 921642                     /lib/x86_64-linux-gnu/libc-2.19.so
7f4e5d15f000-7f4e5d163000 r--p 001bb000 08:01 921642                     /lib/x86_64-linux-gnu/libc-2.19.so
7f4e5d163000-7f4e5d165000 rw-p 001bf000 08:01 921642                     /lib/x86_64-linux-gnu/libc-2.19.so
7f4e5d165000-7f4e5d16a000 rw-p 00000000 00:00 0 
7f4e5d16a000-7f4e5d177000 r-xp 00000000 08:01 270223                     /usr/lib/jvm/java-7-openjdk-amd64/jre/lib/amd64/jli/libjli.so
7f4e5d177000-7f4e5d376000 ---p 0000d000 08:01 270223                     /usr/lib/jvm/java-7-openjdk-amd64/jre/lib/amd64/jli/libjli.so
7f4e5d376000-7f4e5d377000 r--p 0000c000 08:01 270223                     /usr/lib/jvm/java-7-openjdk-amd64/jre/lib/amd64/jli/libjli.so
7f4e5d377000-7f4e5d378000 rw-p 0000d000 08:01 270223                     /usr/lib/jvm/java-7-openjdk-amd64/jre/lib/amd64/jli/libjli.so
7f4e5d378000-7f4e5d39b000 r-xp 00000000 08:01 921618                     /lib/x86_64-linux-gnu/ld-2.19.so
7f4e5d39b000-7f4e5d39c000 r--s 00005000 08:01 2102752                    /home/opengov/.m2/repository/de/zeigermann/xml/xml-im-exporter/1.1/xml-im-exporter-1.1.jar
7f4e5d39c000-7f4e5d39f000 r--s 00013000 08:01 2102742                    /home/opengov/.m2/repository/org/apache/maven/maven-artifact/2.0.9/maven-artifact-2.0.9.jar
7f4e5d39f000-7f4e5d3a1000 r--s 00002000 08:01 2102741                    /home/opengov/.m2/repository/org/apache/maven/maven-plugin-api/2.0.9/maven-plugin-api-2.0.9.jar
7f4e5d3a1000-7f4e5d3a3000 r--s 00009000 08:01 2102740                    /home/opengov/.m2/repository/org/apache/maven/plugins/maven-compiler-plugin/3.1/maven-compiler-plugin-3.1.jar
7f4e5d3a3000-7f4e5d3a7000 r--s 00085000 08:01 270160                     /usr/lib/jvm/java-7-openjdk-amd64/jre/lib/ext/localedata.jar
7f4e5d3a7000-7f4e5d3a9000 r--s 00012000 08:01 270158                     /usr/lib/jvm/java-7-openjdk-amd64/jre/lib/ext/zipfs.jar
7f4e5d3a9000-7f4e5d3ac000 r--s 0000f000 08:01 270157                     /usr/lib/jvm/java-7-openjdk-amd64/jre/lib/ext/pulse-java.jar
7f4e5d3ac000-7f4e5d3c7000 rw-p 00000000 00:00 0 
7f4e5d3c7000-7f4e5d47d000 rw-p 00000000 00:00 0 
7f4e5d47d000-7f4e5d480000 ---p 00000000 00:00 0 
7f4e5d480000-7f4e5d583000 rw-p 00000000 00:00 0                          [stack:13726]
7f4e5d583000-7f4e5d584000 r--s 0000b000 08:01 2102746                    /home/opengov/.m2/repository/org/apache/maven/maven-settings/2.0.9/maven-settings-2.0.9.jar
7f4e5d584000-7f4e5d585000 r--s 00002000 08:01 270162                     /usr/lib/jvm/java-7-openjdk-amd64/jre/lib/ext/dnsns.jar
7f4e5d585000-7f4e5d588000 r--s 00032000 08:01 270159                     /usr/lib/jvm/java-7-openjdk-amd64/jre/lib/ext/sunjce_provider.jar
7f4e5d588000-7f4e5d58a000 r--s 00006000 08:01 671080                     /usr/share/java/java-atk-wrapper.jar
7f4e5d58a000-7f4e5d58e000 r--s 0003b000 08:01 270161                     /usr/lib/jvm/java-7-openjdk-amd64/jre/lib/ext/sunpkcs11.jar
7f4e5d58e000-7f4e5d596000 rw-s 00000000 08:01 2359349                    /tmp/hsperfdata_opengov/13719
7f4e5d596000-7f4e5d597000 rw-p 00000000 00:00 0 
7f4e5d597000-7f4e5d598000 r--p 00000000 00:00 0 
7f4e5d598000-7f4e5d59a000 rw-p 00000000 00:00 0 
7f4e5d59a000-7f4e5d59b000 r--p 00022000 08:01 921618                     /lib/x86_64-linux-gnu/ld-2.19.so
7f4e5d59b000-7f4e5d59c000 rw-p 00023000 08:01 921618                     /lib/x86_64-linux-gnu/ld-2.19.so
7f4e5d59c000-7f4e5d59d000 rw-p 00000000 00:00 0 
7fffba5b8000-7fffba5da000 rw-p 00000000 00:00 0                          [stack]
7fffba5fe000-7fffba600000 r-xp 00000000 00:00 0                          [vdso]
ffffffffff600000-ffffffffff601000 r-xp 00000000 00:00 0                  [vsyscall]

VM Arguments:
jvm_args: -agentlib:jdwp=transport=dt_socket,suspend=y,address=localhost:40431 -Dfile.encoding=UTF-8 
java_command: pl.socialgov.rzseie.Scrapper
Launcher Type: SUN_STANDARD

Environment Variables:
PATH=/usr/local/sbin:/usr/local/bin:/usr/sbin:/usr/bin:/sbin:/bin:/usr/games:/usr/local/games
SHELL=/bin/bash
DISPLAY=:0

Signal Handlers:
SIGSEGV: [libjvm.so+0x918620], sa_mask[0]=0x7ffbfeff, sa_flags=0x10000004
SIGBUS: [libjvm.so+0x918620], sa_mask[0]=0x7ffbfeff, sa_flags=0x10000004
SIGFPE: [libjvm.so+0x795e30], sa_mask[0]=0x7ffbfeff, sa_flags=0x10000004
SIGPIPE: [libjvm.so+0x795e30], sa_mask[0]=0x7ffbfeff, sa_flags=0x10000004
SIGXFSZ: [libjvm.so+0x795e30], sa_mask[0]=0x7ffbfeff, sa_flags=0x10000004
SIGILL: [libjvm.so+0x795e30], sa_mask[0]=0x7ffbfeff, sa_flags=0x10000004
SIGUSR1: SIG_DFL, sa_mask[0]=0x00000000, sa_flags=0x00000000
SIGUSR2: [libjvm.so+0x795cd0], sa_mask[0]=0x00000004, sa_flags=0x10000004
SIGHUP: [libjvm.so+0x795eb0], sa_mask[0]=0x7ffbfeff, sa_flags=0x10000004
SIGINT: [libjvm.so+0x795eb0], sa_mask[0]=0x7ffbfeff, sa_flags=0x10000004
SIGTERM: [libjvm.so+0x795eb0], sa_mask[0]=0x7ffbfeff, sa_flags=0x10000004
SIGQUIT: [libjvm.so+0x795eb0], sa_mask[0]=0x7ffbfeff, sa_flags=0x10000004


---------------  S Y S T E M  ---------------

OS:Ubuntu 14.04 (trusty)
uname:Linux 3.13.0-24-generic #46-Ubuntu SMP Thu Apr 10 19:11:08 UTC 2014 x86_64
libc:glibc 2.19 NPTL 2.19 
rlimit: STACK 8192k, CORE 0k, NPROC 19342, NOFILE 4096, AS infinity
load average:2,87 2,59 2,67

/proc/meminfo:
MemTotal:        2497384 kB
MemFree:           94196 kB
Buffers:           18288 kB
Cached:           753276 kB
SwapCached:         1524 kB
Active:          1323204 kB
Inactive:         900336 kB
Active(anon):    1051348 kB
Inactive(anon):   416224 kB
Active(file):     271856 kB
Inactive(file):   484112 kB
Unevictable:          32 kB
Mlocked:              32 kB
SwapTotal:       1046524 kB
SwapFree:        1036484 kB
Dirty:               116 kB
Writeback:             0 kB
AnonPages:       1450740 kB
Mapped:            97232 kB
Shmem:             15448 kB
Slab:              74556 kB
SReclaimable:      39484 kB
SUnreclaim:        35072 kB
KernelStack:        5392 kB
PageTables:        33068 kB
NFS_Unstable:          0 kB
Bounce:                0 kB
WritebackTmp:          0 kB
CommitLimit:     2295216 kB
Committed_AS:    4386708 kB
VmallocTotal:   34359738367 kB
VmallocUsed:      298812 kB
VmallocChunk:   34359378432 kB
HardwareCorrupted:     0 kB
AnonHugePages:    479232 kB
HugePages_Total:       0
HugePages_Free:        0
HugePages_Rsvd:        0
HugePages_Surp:        0
Hugepagesize:       2048 kB
DirectMap4k:       46976 kB
DirectMap2M:     2512896 kB


CPU:total 2 (2 cores per cpu, 1 threads per core) family 6 model 58 stepping 9, cmov, cx8, fxsr, mmx, sse, sse2, sse3, ssse3, sse4.1, sse4.2, popcnt, avx, aes, erms, tsc, tscinvbit, tscinv

/proc/cpuinfo:
processor	: 0
vendor_id	: GenuineIntel
cpu family	: 6
model		: 58
model name	: Intel(R) Core(TM) i5-3437U CPU @ 1.90GHz
stepping	: 9
microcode	: 0x16
cpu MHz		: 2394.570
cache size	: 3072 KB
physical id	: 0
siblings	: 2
core id		: 0
cpu cores	: 2
apicid		: 0
initial apicid	: 0
fpu		: yes
fpu_exception	: yes
cpuid level	: 13
wp		: yes
flags		: fpu vme de pse tsc msr pae mce cx8 apic sep mtrr pge mca cmov pat pse36 clflush dts mmx fxsr sse sse2 ss ht syscall nx rdtscp lm constant_tsc arch_perfmon pebs bts nopl xtopology tsc_reliable nonstop_tsc aperfmperf eagerfpu pni pclmulqdq ssse3 cx16 pcid sse4_1 sse4_2 x2apic popcnt aes xsave avx f16c rdrand hypervisor lahf_lm ida arat epb xsaveopt pln pts dtherm fsgsbase smep
bogomips	: 4789.14
clflush size	: 64
cache_alignment	: 64
address sizes	: 40 bits physical, 48 bits virtual
power management:

processor	: 1
vendor_id	: GenuineIntel
cpu family	: 6
model		: 58
model name	: Intel(R) Core(TM) i5-3437U CPU @ 1.90GHz
stepping	: 9
microcode	: 0x16
cpu MHz		: 2394.570
cache size	: 3072 KB
physical id	: 0
siblings	: 2
core id		: 1
cpu cores	: 2
apicid		: 1
initial apicid	: 1
fpu		: yes
fpu_exception	: yes
cpuid level	: 13
wp		: yes
flags		: fpu vme de pse tsc msr pae mce cx8 apic sep mtrr pge mca cmov pat pse36 clflush dts mmx fxsr sse sse2 ss ht syscall nx rdtscp lm constant_tsc arch_perfmon pebs bts nopl xtopology tsc_reliable nonstop_tsc aperfmperf eagerfpu pni pclmulqdq ssse3 cx16 pcid sse4_1 sse4_2 x2apic popcnt aes xsave avx f16c rdrand hypervisor lahf_lm ida arat epb xsaveopt pln pts dtherm fsgsbase smep
bogomips	: 4789.14
clflush size	: 64
cache_alignment	: 64
address sizes	: 40 bits physical, 48 bits virtual
power management:



Memory: 4k page, physical 2497384k(94196k free), swap 1046524k(1036484k free)

vm_info: OpenJDK 64-Bit Server VM (24.51-b03) for linux-amd64 JRE (1.7.0_55-b14), built on Apr 17 2014 20:08:07 by "buildd" with gcc 4.8.2

time: Wed Jul  2 10:50:29 2014
elapsed time: 878 seconds

